2026-02-17 12:14:56,871 [INFO] ==================================================
2026-02-17 12:14:56,871 [INFO] GameNews TTS — Генерация аудио
2026-02-17 12:14:56,871 [INFO] ==================================================
2026-02-17 12:14:56,872 [INFO] Загружено 15 подкастов из /home/runner/work/GameNews/GameNews/podcasts.json
2026-02-17 12:14:56,872 [INFO]   Озвучиваю: Мошенницу-киберспортсменку Tokyogurl и ее сообщник...
2026-02-17 12:14:57,803 [INFO]   ✓ Сохранено: podcast_1.mp3 (177.6 KB)
2026-02-17 12:14:57,803 [INFO]   Озвучиваю: «Московский Киберспорт» возвращается со 140 турнир...
2026-02-17 12:14:58,530 [INFO]   ✓ Сохранено: podcast_2.mp3 (143.4 KB)
2026-02-17 12:14:58,530 [INFO]   Озвучиваю: Virtus.prо словили "технарь" на турнире по CS2 из-...
2026-02-17 12:14:59,393 [INFO]   ✓ Сохранено: podcast_3.mp3 (201.4 KB)
2026-02-17 12:14:59,393 [INFO]   Озвучиваю: Первый в 2026 году турнир по Counter-Strike 2 выиг...
2026-02-17 12:15:00,575 [INFO]   ✓ Сохранено: podcast_4.mp3 (207.8 KB)
2026-02-17 12:15:00,575 [INFO]   Озвучиваю: Киберспортсменка Tokyogurl попалась на махинациях ...
2026-02-17 12:15:01,521 [INFO]   ✓ Сохранено: podcast_5.mp3 (169.1 KB)
2026-02-17 12:15:01,521 [INFO]   Озвучиваю: Steam Deck «может периодически отсутствовать в про...
2026-02-17 12:15:03,019 [INFO]   ✓ Сохранено: podcast_6.mp3 (238.3 KB)
2026-02-17 12:15:03,019 [INFO]   Озвучиваю: Мобильную Call of Duty: Warzone отключат от сервер...
2026-02-17 12:15:04,472 [INFO]   ✓ Сохранено: podcast_7.mp3 (257.2 KB)
2026-02-17 12:15:04,473 [INFO]   Озвучиваю: Highguard протиснулась в список самых успешных нов...
2026-02-17 12:15:05,930 [INFO]   ✓ Сохранено: podcast_8.mp3 (268.9 KB)
2026-02-17 12:15:05,930 [INFO]   Озвучиваю: PC Building Simulator 2 выйдет на консолях 26 февр...
2026-02-17 12:15:06,945 [INFO]   ✓ Сохранено: podcast_9.mp3 (207.6 KB)
2026-02-17 12:15:06,946 [INFO]   Озвучиваю: В Assassin's Creed Shadows введут ручной прыжок и ...
2026-02-17 12:15:08,398 [INFO]   ✓ Сохранено: podcast_10.mp3 (219.8 KB)
2026-02-17 12:15:08,398 [INFO]   Озвучиваю: Code Vein II: Обзор неоднозначного анимешного соул...
2026-02-17 12:15:10,975 [INFO]   ✓ Сохранено: podcast_11.mp3 (306.4 KB)
2026-02-17 12:15:10,975 [INFO]   Озвучиваю: Mewgenics: Обзор будущего хита от создателя «Айзек...
2026-02-17 12:15:13,459 [INFO]   ✓ Сохранено: podcast_12.mp3 (399.0 KB)
2026-02-17 12:15:13,459 [INFO]   Озвучиваю: I Hate This Place: Обзор атмосферного выживача в с...
2026-02-17 12:15:16,259 [INFO]   ✓ Сохранено: podcast_13.mp3 (402.6 KB)
2026-02-17 12:15:16,259 [INFO]   Озвучиваю: Cult of the Lamb: Woolhaven: Обзор лучшего зимнего...
2026-02-17 12:15:19,188 [INFO]   ✓ Сохранено: podcast_14.mp3 (398.2 KB)
2026-02-17 12:15:19,188 [INFO]   Озвучиваю: MIO: Memories in Orbit: Обзор метроидвании, копиру...
2026-02-17 12:15:22,541 [INFO]   ✓ Сохранено: podcast_15.mp3 (405.4 KB)
2026-02-17 12:15:22,542 [INFO] podcasts.json обновлён
2026-02-17 12:15:22,542 [INFO] 
==================================================
2026-02-17 12:15:22,542 [INFO] ИТОГО: 15 озвучено, 0 ошибок
2026-02-17 12:15:22,542 [INFO] ==================================================
2026-02-18 06:59:11,266 [INFO] ==================================================
2026-02-18 06:59:11,267 [INFO] GameNews TTS — Генерация аудио
2026-02-18 06:59:11,267 [INFO] ==================================================
2026-02-18 06:59:11,267 [INFO] Загружено 15 подкастов из /home/runner/work/GameNews/GameNews/podcasts.json
2026-02-18 06:59:11,267 [INFO]   Аудио уже существует: podcast_1.mp3
2026-02-18 06:59:11,267 [INFO]   Аудио уже существует: podcast_2.mp3
2026-02-18 06:59:11,267 [INFO]   Аудио уже существует: podcast_3.mp3
2026-02-18 06:59:11,267 [INFO]   Аудио уже существует: podcast_4.mp3
2026-02-18 06:59:11,267 [INFO]   Аудио уже существует: podcast_5.mp3
2026-02-18 06:59:11,267 [INFO]   Аудио уже существует: podcast_6.mp3
2026-02-18 06:59:11,268 [INFO]   Аудио уже существует: podcast_7.mp3
2026-02-18 06:59:11,268 [INFO]   Аудио уже существует: podcast_8.mp3
2026-02-18 06:59:11,268 [INFO]   Аудио уже существует: podcast_9.mp3
2026-02-18 06:59:11,268 [INFO]   Аудио уже существует: podcast_10.mp3
2026-02-18 06:59:11,268 [INFO]   Аудио уже существует: podcast_11.mp3
2026-02-18 06:59:11,268 [INFO]   Аудио уже существует: podcast_12.mp3
2026-02-18 06:59:11,268 [INFO]   Аудио уже существует: podcast_13.mp3
2026-02-18 06:59:11,268 [INFO]   Аудио уже существует: podcast_14.mp3
2026-02-18 06:59:11,268 [INFO]   Аудио уже существует: podcast_15.mp3
2026-02-18 06:59:11,268 [INFO] podcasts.json обновлён
2026-02-18 06:59:11,269 [INFO] 
==================================================
2026-02-18 06:59:11,269 [INFO] ИТОГО: 15 озвучено, 0 ошибок
2026-02-18 06:59:11,269 [INFO] ==================================================
2026-02-19 06:57:56,024 [INFO] ==================================================
2026-02-19 06:57:56,024 [INFO] GameNews TTS — Генерация аудио
2026-02-19 06:57:56,024 [INFO] ==================================================
2026-02-19 06:57:56,024 [INFO] Загружено 15 подкастов из /home/runner/work/GameNews/GameNews/podcasts.json
2026-02-19 06:57:56,025 [INFO]   Озвучиваю: Мошенницу-киберспортсменку Tokyogurl и ее сообщник...
2026-02-19 06:57:56,900 [INFO]   ✓ Сохранено: podcast_1.mp3 (177.6 KB)
2026-02-19 06:57:56,900 [INFO]   Озвучиваю: «Московский Киберспорт» возвращается со 140 турнир...
2026-02-19 06:57:57,542 [INFO]   ✓ Сохранено: podcast_2.mp3 (143.4 KB)
2026-02-19 06:57:57,543 [INFO]   Озвучиваю: Virtus.prо словили "технарь" на турнире по CS2 из-...
2026-02-19 06:57:58,350 [INFO]   ✓ Сохранено: podcast_3.mp3 (201.4 KB)
2026-02-19 06:57:58,351 [INFO]   Озвучиваю: Первый в 2026 году турнир по Counter-Strike 2 выиг...
2026-02-19 06:57:59,319 [INFO]   ✓ Сохранено: podcast_4.mp3 (207.8 KB)
2026-02-19 06:57:59,319 [INFO]   Озвучиваю: Киберспортсменка Tokyogurl попалась на махинациях ...
2026-02-19 06:58:00,237 [INFO]   ✓ Сохранено: podcast_5.mp3 (169.1 KB)
2026-02-19 06:58:00,238 [INFO]   Озвучиваю: Экшен-рогалик Armatus скоро получит демоверсию...
2026-02-19 06:58:01,060 [INFO]   ✓ Сохранено: podcast_6.mp3 (145.9 KB)
2026-02-19 06:58:01,060 [INFO]   Озвучиваю: God of War: Sons of Sparta стала самой низкооценён...
2026-02-19 06:58:02,218 [INFO]   ✓ Сохранено: podcast_7.mp3 (204.2 KB)
2026-02-19 06:58:02,218 [INFO]   Озвучиваю: Выживач на Диком Западе Frontier Legends стартует ...
2026-02-19 06:58:03,292 [INFO]   ✓ Сохранено: podcast_8.mp3 (230.1 KB)
2026-02-19 06:58:03,292 [INFO]   Озвучиваю: В Skyrim для Switch 2 ввели поддержку 60 fps...
2026-02-19 06:58:04,279 [INFO]   ✓ Сохранено: podcast_9.mp3 (180.2 KB)
2026-02-19 06:58:04,279 [INFO]   Озвучиваю: Пошаговая музыкальная People of Note выйдет на сце...
2026-02-19 06:58:04,677 [INFO]   ✓ Сохранено: podcast_10.mp3 (73.9 KB)
2026-02-19 06:58:04,677 [INFO]   Озвучиваю: Crisol: Theater of Idols: Обзор экшен-хоррора про ...
2026-02-19 06:58:07,022 [INFO]   ✓ Сохранено: podcast_11.mp3 (390.0 KB)
2026-02-19 06:58:07,022 [INFO]   Озвучиваю: Neverness to Everness: Превью игры, которую ждут м...
2026-02-19 06:58:09,632 [INFO]   ✓ Сохранено: podcast_12.mp3 (395.6 KB)
2026-02-19 06:58:09,632 [INFO]   Озвучиваю: Code Vein II: Обзор неоднозначного анимешного соул...
2026-02-19 06:58:11,957 [INFO]   ✓ Сохранено: podcast_13.mp3 (306.4 KB)
2026-02-19 06:58:11,957 [INFO]   Озвучиваю: Mewgenics: Обзор будущего хита от создателя «Айзек...
2026-02-19 06:58:14,368 [INFO]   ✓ Сохранено: podcast_14.mp3 (399.0 KB)
2026-02-19 06:58:14,368 [INFO]   Озвучиваю: I Hate This Place: Обзор атмосферного выживача в с...
2026-02-19 06:58:17,146 [INFO]   ✓ Сохранено: podcast_15.mp3 (402.6 KB)
2026-02-19 06:58:17,146 [INFO] podcasts.json обновлён
2026-02-19 06:58:17,146 [INFO] 
==================================================
2026-02-19 06:58:17,146 [INFO] ИТОГО: 15 озвучено, 0 ошибок
2026-02-19 06:58:17,146 [INFO] ==================================================
2026-02-20 06:53:52,299 [INFO] ==================================================
2026-02-20 06:53:52,299 [INFO] GameNews TTS — Генерация аудио
2026-02-20 06:53:52,299 [INFO] ==================================================
2026-02-20 06:53:52,300 [INFO] Загружено 15 подкастов из /home/runner/work/GameNews/GameNews/podcasts.json
2026-02-20 06:53:52,300 [INFO]   Озвучиваю: Мошенницу-киберспортсменку Tokyogurl и ее сообщник...
2026-02-20 06:53:53,355 [INFO]   ✓ Сохранено: podcast_1.mp3 (177.6 KB)
2026-02-20 06:53:53,355 [INFO]   Озвучиваю: «Московский Киберспорт» возвращается со 140 турнир...
2026-02-20 06:53:54,009 [INFO]   ✓ Сохранено: podcast_2.mp3 (143.4 KB)
2026-02-20 06:53:54,009 [INFO]   Озвучиваю: Virtus.prо словили "технарь" на турнире по CS2 из-...
2026-02-20 06:53:54,919 [INFO]   ✓ Сохранено: podcast_3.mp3 (201.2 KB)
2026-02-20 06:53:54,919 [INFO]   Озвучиваю: Первый в 2026 году турнир по Counter-Strike 2 выиг...
2026-02-20 06:53:56,062 [INFO]   ✓ Сохранено: podcast_4.mp3 (207.8 KB)
2026-02-20 06:53:56,062 [INFO]   Озвучиваю: Киберспортсменка Tokyogurl попалась на махинациях ...
2026-02-20 06:53:57,020 [INFO]   ✓ Сохранено: podcast_5.mp3 (169.1 KB)
2026-02-20 06:53:57,020 [INFO]   Озвучиваю: Авторы Life is Strange из DON’T NOD показали геймп...
2026-02-20 06:53:57,733 [INFO]   ✓ Сохранено: podcast_6.mp3 (159.4 KB)
2026-02-20 06:53:57,733 [INFO]   Озвучиваю: В Steam вышла демоверсия The Eternal Life of Goldm...
2026-02-20 06:53:58,695 [INFO]   ✓ Сохранено: podcast_7.mp3 (138.8 KB)
2026-02-20 06:53:58,695 [INFO]   Озвучиваю: Соавтор последних XCOM закрыл свою студию, не выпу...
2026-02-20 06:54:00,507 [INFO]   ✓ Сохранено: podcast_8.mp3 (284.1 KB)
2026-02-20 06:54:00,507 [INFO]   Озвучиваю: Тираж Nioh 3 превысил миллион копий за две недели ...
2026-02-20 06:54:01,706 [INFO]   ✓ Сохранено: podcast_9.mp3 (226.1 KB)
2026-02-20 06:54:01,706 [INFO]   Озвучиваю: Sony закроет Bluepoint Games — создателей ремейков...
2026-02-20 06:54:03,246 [INFO]   ✓ Сохранено: podcast_10.mp3 (233.4 KB)
2026-02-20 06:54:03,246 [INFO]   Озвучиваю: Crisol: Theater of Idols: Обзор экшен-хоррора про ...
2026-02-20 06:54:05,761 [INFO]   ✓ Сохранено: podcast_11.mp3 (390.0 KB)
2026-02-20 06:54:05,761 [INFO]   Озвучиваю: Neverness to Everness: Превью игры, которую ждут м...
2026-02-20 06:54:08,675 [INFO]   ✓ Сохранено: podcast_12.mp3 (395.6 KB)
2026-02-20 06:54:08,675 [INFO]   Озвучиваю: Code Vein II: Обзор неоднозначного анимешного соул...
2026-02-20 06:54:11,309 [INFO]   ✓ Сохранено: podcast_13.mp3 (306.4 KB)
2026-02-20 06:54:11,310 [INFO]   Озвучиваю: Mewgenics: Обзор будущего хита от создателя «Айзек...
2026-02-20 06:54:14,044 [INFO]   ✓ Сохранено: podcast_14.mp3 (399.0 KB)
2026-02-20 06:54:14,044 [INFO]   Озвучиваю: I Hate This Place: Обзор атмосферного выживача в с...
2026-02-20 06:54:16,979 [INFO]   ✓ Сохранено: podcast_15.mp3 (402.6 KB)
2026-02-20 06:54:16,980 [INFO] podcasts.json обновлён
2026-02-20 06:54:16,980 [INFO] 
==================================================
2026-02-20 06:54:16,980 [INFO] ИТОГО: 15 озвучено, 0 ошибок
2026-02-20 06:54:16,980 [INFO] ==================================================
2026-02-21 06:39:08,534 [INFO] ==================================================
2026-02-21 06:39:08,534 [INFO] GameNews TTS — Генерация аудио
2026-02-21 06:39:08,534 [INFO] ==================================================
2026-02-21 06:39:08,534 [INFO] Загружено 15 подкастов из /home/runner/work/GameNews/GameNews/podcasts.json
2026-02-21 06:39:08,534 [INFO]   Озвучиваю: EVO теперь полностью принадлежит саудовскому фонду...
2026-02-21 06:39:09,829 [INFO]   ✓ Сохранено: podcast_1.mp3 (231.4 KB)
2026-02-21 06:39:09,829 [INFO]   Озвучиваю: Мошенницу-киберспортсменку Tokyogurl и ее сообщник...
2026-02-21 06:39:10,657 [INFO]   ✓ Сохранено: podcast_2.mp3 (177.6 KB)
2026-02-21 06:39:10,657 [INFO]   Озвучиваю: «Московский Киберспорт» возвращается со 140 турнир...
2026-02-21 06:39:11,424 [INFO]   ✓ Сохранено: podcast_3.mp3 (143.4 KB)
2026-02-21 06:39:11,424 [INFO]   Озвучиваю: Virtus.prо словили "технарь" на турнире по CS2 из-...
2026-02-21 06:39:12,283 [INFO]   ✓ Сохранено: podcast_4.mp3 (201.2 KB)
2026-02-21 06:39:12,284 [INFO]   Озвучиваю: Первый в 2026 году турнир по Counter-Strike 2 выиг...
2026-02-21 06:39:13,263 [INFO]   ✓ Сохранено: podcast_5.mp3 (207.8 KB)
2026-02-21 06:39:13,263 [INFO]   Озвучиваю: Фил Спенсер и Сара Бонд уходят в отставку...
2026-02-21 06:39:14,696 [INFO]   ✓ Сохранено: podcast_6.mp3 (268.3 KB)
2026-02-21 06:39:14,696 [INFO]   Озвучиваю: Битва с Робо-Бетти в трейлере нуарного бумер-шутер...
2026-02-21 06:39:15,780 [INFO]   ✓ Сохранено: podcast_7.mp3 (179.4 KB)
2026-02-21 06:39:15,780 [INFO]   Озвучиваю: Пёстрый шутер про боевую лодку Gunboat God всплывё...
2026-02-21 06:39:16,129 [INFO]   ✓ Сохранено: podcast_8.mp3 (73.9 KB)
2026-02-21 06:39:16,129 [INFO]   Озвучиваю: Capcom попросила геймеров не делиться утёкшим гейм...
2026-02-21 06:39:17,516 [INFO]   ✓ Сохранено: podcast_9.mp3 (234.2 KB)
2026-02-21 06:39:17,516 [INFO]   Озвучиваю: Obsidian не снабдила новые играбельные расы в Avow...
2026-02-21 06:39:19,148 [INFO]   ✓ Сохранено: podcast_10.mp3 (251.1 KB)
2026-02-21 06:39:19,148 [INFO]   Озвучиваю: REANIMAL: Обзор долгожданной духовной наследницы L...
2026-02-21 06:39:20,598 [INFO]   ✓ Сохранено: podcast_11.mp3 (278.6 KB)
2026-02-21 06:39:20,598 [INFO]   Озвучиваю: Crisol: Theater of Idols: Обзор экшен-хоррора про ...
2026-02-21 06:39:23,019 [INFO]   ✓ Сохранено: podcast_12.mp3 (390.0 KB)
2026-02-21 06:39:23,019 [INFO]   Озвучиваю: Neverness to Everness: Превью игры, которую ждут м...
2026-02-21 06:39:25,728 [INFO]   ✓ Сохранено: podcast_13.mp3 (395.6 KB)
2026-02-21 06:39:25,728 [INFO]   Озвучиваю: Code Vein II: Обзор неоднозначного анимешного соул...
2026-02-21 06:39:28,341 [INFO]   ✓ Сохранено: podcast_14.mp3 (306.4 KB)
2026-02-21 06:39:28,342 [INFO]   Озвучиваю: Mewgenics: Обзор будущего хита от создателя «Айзек...
2026-02-21 06:39:30,695 [INFO]   ✓ Сохранено: podcast_15.mp3 (399.0 KB)
2026-02-21 06:39:30,696 [INFO] podcasts.json обновлён
2026-02-21 06:39:30,696 [INFO] 
==================================================
2026-02-21 06:39:30,696 [INFO] ИТОГО: 15 озвучено, 0 ошибок
2026-02-21 06:39:30,696 [INFO] ==================================================
2026-02-22 06:44:09,759 [INFO] ==================================================
2026-02-22 06:44:09,760 [INFO] GameNews TTS — Генерация аудио
2026-02-22 06:44:09,760 [INFO] ==================================================
2026-02-22 06:44:09,760 [INFO] Загружено 15 подкастов из /home/runner/work/GameNews/GameNews/podcasts.json
2026-02-22 06:44:09,760 [INFO]   Озвучиваю: EVO теперь полностью принадлежит саудовскому фонду...
2026-02-22 06:44:11,422 [INFO]   ✓ Сохранено: podcast_1.mp3 (231.4 KB)
2026-02-22 06:44:11,422 [INFO]   Озвучиваю: Мошенницу-киберспортсменку Tokyogurl и ее сообщник...
2026-02-22 06:44:12,424 [INFO]   ✓ Сохранено: podcast_2.mp3 (177.6 KB)
2026-02-22 06:44:12,424 [INFO]   Озвучиваю: «Московский Киберспорт» возвращается со 140 турнир...
2026-02-22 06:44:13,191 [INFO]   ✓ Сохранено: podcast_3.mp3 (143.4 KB)
2026-02-22 06:44:13,191 [INFO]   Озвучиваю: Virtus.prо словили "технарь" на турнире по CS2 из-...
2026-02-22 06:44:14,148 [INFO]   ✓ Сохранено: podcast_4.mp3 (201.4 KB)
2026-02-22 06:44:14,148 [INFO]   Озвучиваю: Первый в 2026 году турнир по Counter-Strike 2 выиг...
2026-02-22 06:44:15,360 [INFO]   ✓ Сохранено: podcast_5.mp3 (207.8 KB)
2026-02-22 06:44:15,360 [INFO]   Озвучиваю: Ив Гиймо: в разработке находятся сразу несколько A...
2026-02-22 06:44:16,654 [INFO]   ✓ Сохранено: podcast_6.mp3 (191.6 KB)
2026-02-22 06:44:16,654 [INFO]   Озвучиваю: Директор по дизайну оригинальной Saints Row: «Дума...
2026-02-22 06:44:18,872 [INFO]   ✓ Сохранено: podcast_7.mp3 (276.4 KB)
2026-02-22 06:44:18,873 [INFO]   Озвучиваю: Фил Спенсер и Сара Бонд уходят в отставку...
2026-02-22 06:44:20,691 [INFO]   ✓ Сохранено: podcast_8.mp3 (268.3 KB)
2026-02-22 06:44:20,691 [INFO]   Озвучиваю: Битва с Робо-Бетти в трейлере нуарного бумер-шутер...
2026-02-22 06:44:21,989 [INFO]   ✓ Сохранено: podcast_9.mp3 (179.4 KB)
2026-02-22 06:44:21,989 [INFO]   Озвучиваю: Пёстрый шутер про боевую лодку Gunboat God всплывё...
2026-02-22 06:44:22,474 [INFO]   ✓ Сохранено: podcast_10.mp3 (73.9 KB)
2026-02-22 06:44:22,475 [INFO]   Озвучиваю: Disciples: Domination: Обзор второй части неоднозн...
2026-02-22 06:44:25,947 [INFO]   ✓ Сохранено: podcast_11.mp3 (403.7 KB)
2026-02-22 06:44:25,947 [INFO]   Озвучиваю: REANIMAL: Обзор долгожданной духовной наследницы L...
2026-02-22 06:44:27,796 [INFO]   ✓ Сохранено: podcast_12.mp3 (278.6 KB)
2026-02-22 06:44:27,796 [INFO]   Озвучиваю: Crisol: Theater of Idols: Обзор экшен-хоррора про ...
2026-02-22 06:44:30,749 [INFO]   ✓ Сохранено: podcast_13.mp3 (390.0 KB)
2026-02-22 06:44:30,750 [INFO]   Озвучиваю: Neverness to Everness: Превью игры, которую ждут м...
2026-02-22 06:44:34,061 [INFO]   ✓ Сохранено: podcast_14.mp3 (395.6 KB)
2026-02-22 06:44:34,061 [INFO]   Озвучиваю: Code Vein II: Обзор неоднозначного анимешного соул...
2026-02-22 06:44:37,007 [INFO]   ✓ Сохранено: podcast_15.mp3 (306.4 KB)
2026-02-22 06:44:37,008 [INFO] podcasts.json обновлён
2026-02-22 06:44:37,008 [INFO] 
==================================================
2026-02-22 06:44:37,008 [INFO] ИТОГО: 15 озвучено, 0 ошибок
2026-02-22 06:44:37,008 [INFO] ==================================================
2026-02-23 07:02:07,222 [INFO] ==================================================
2026-02-23 07:02:07,222 [INFO] GameNews TTS — Генерация аудио
2026-02-23 07:02:07,222 [INFO] ==================================================
2026-02-23 07:02:07,222 [INFO] Загружено 15 подкастов из /home/runner/work/GameNews/GameNews/podcasts.json
2026-02-23 07:02:07,222 [INFO]   Озвучиваю: EVO теперь полностью принадлежит саудовскому фонду...
2026-02-23 07:02:08,565 [INFO]   ✓ Сохранено: podcast_1.mp3 (231.4 KB)
2026-02-23 07:02:08,566 [INFO]   Озвучиваю: Мошенницу-киберспортсменку Tokyogurl и ее сообщник...
2026-02-23 07:02:09,414 [INFO]   ✓ Сохранено: podcast_2.mp3 (177.6 KB)
2026-02-23 07:02:09,414 [INFO]   Озвучиваю: «Московский Киберспорт» возвращается со 140 турнир...
2026-02-23 07:02:10,083 [INFO]   ✓ Сохранено: podcast_3.mp3 (143.4 KB)
2026-02-23 07:02:10,083 [INFO]   Озвучиваю: Virtus.prо словили "технарь" на турнире по CS2 из-...
2026-02-23 07:02:10,892 [INFO]   ✓ Сохранено: podcast_4.mp3 (201.4 KB)
2026-02-23 07:02:10,892 [INFO]   Озвучиваю: Первый в 2026 году турнир по Counter-Strike 2 выиг...
2026-02-23 07:02:12,042 [INFO]   ✓ Сохранено: podcast_5.mp3 (207.8 KB)
2026-02-23 07:02:12,043 [INFO]   Озвучиваю: В студии ufotable напомнили, что занимаются аниме ...
2026-02-23 07:02:13,308 [INFO]   ✓ Сохранено: podcast_6.mp3 (211.5 KB)
2026-02-23 07:02:13,308 [INFO]   Озвучиваю: Ив Гиймо: в разработке находятся сразу несколько A...
2026-02-23 07:02:14,508 [INFO]   ✓ Сохранено: podcast_7.mp3 (191.6 KB)
2026-02-23 07:02:14,509 [INFO]   Озвучиваю: Директор по дизайну оригинальной Saints Row: «Дума...
2026-02-23 07:02:16,256 [INFO]   ✓ Сохранено: podcast_8.mp3 (276.4 KB)
2026-02-23 07:02:16,256 [INFO]   Озвучиваю: Фил Спенсер и Сара Бонд уходят в отставку...
2026-02-23 07:02:17,766 [INFO]   ✓ Сохранено: podcast_9.mp3 (268.3 KB)
2026-02-23 07:02:17,766 [INFO]   Озвучиваю: Битва с Робо-Бетти в трейлере нуарного бумер-шутер...
2026-02-23 07:02:18,873 [INFO]   ✓ Сохранено: podcast_10.mp3 (179.4 KB)
2026-02-23 07:02:18,873 [INFO]   Озвучиваю: Disciples: Domination: Обзор второй части неоднозн...
2026-02-23 07:02:21,628 [INFO]   ✓ Сохранено: podcast_11.mp3 (403.5 KB)
2026-02-23 07:02:21,629 [INFO]   Озвучиваю: REANIMAL: Обзор долгожданной духовной наследницы L...
2026-02-23 07:02:23,206 [INFO]   ✓ Сохранено: podcast_12.mp3 (278.6 KB)
2026-02-23 07:02:23,207 [INFO]   Озвучиваю: Crisol: Theater of Idols: Обзор экшен-хоррора про ...
2026-02-23 07:02:25,603 [INFO]   ✓ Сохранено: podcast_13.mp3 (390.0 KB)
2026-02-23 07:02:25,604 [INFO]   Озвучиваю: Neverness to Everness: Превью игры, которую ждут м...
2026-02-23 07:02:28,229 [INFO]   ✓ Сохранено: podcast_14.mp3 (395.6 KB)
2026-02-23 07:02:28,229 [INFO]   Озвучиваю: Code Vein II: Обзор неоднозначного анимешного соул...
2026-02-23 07:02:30,706 [INFO]   ✓ Сохранено: podcast_15.mp3 (306.4 KB)
2026-02-23 07:02:30,706 [INFO] podcasts.json обновлён
2026-02-23 07:02:30,707 [INFO] 
==================================================
2026-02-23 07:02:30,707 [INFO] ИТОГО: 15 озвучено, 0 ошибок
2026-02-23 07:02:30,707 [INFO] ==================================================
2026-02-24 06:57:50,284 [INFO] ==================================================
2026-02-24 06:57:50,284 [INFO] GameNews TTS — Генерация аудио
2026-02-24 06:57:50,284 [INFO] ==================================================
2026-02-24 06:57:50,285 [INFO] Загружено 15 подкастов из /home/runner/work/GameNews/GameNews/podcasts.json
2026-02-24 06:57:50,285 [INFO]   Озвучиваю: EVO теперь полностью принадлежит саудовскому фонду...
2026-02-24 06:57:51,768 [INFO]   ✓ Сохранено: podcast_1.mp3 (231.2 KB)
2026-02-24 06:57:51,769 [INFO]   Озвучиваю: Мошенницу-киберспортсменку Tokyogurl и ее сообщник...
2026-02-24 06:57:52,619 [INFO]   ✓ Сохранено: podcast_2.mp3 (177.6 KB)
2026-02-24 06:57:52,619 [INFO]   Озвучиваю: «Московский Киберспорт» возвращается со 140 турнир...
2026-02-24 06:57:53,305 [INFO]   ✓ Сохранено: podcast_3.mp3 (143.4 KB)
2026-02-24 06:57:53,305 [INFO]   Озвучиваю: Virtus.prо словили "технарь" на турнире по CS2 из-...
2026-02-24 06:57:54,234 [INFO]   ✓ Сохранено: podcast_4.mp3 (201.4 KB)
2026-02-24 06:57:54,234 [INFO]   Озвучиваю: Первый в 2026 году турнир по Counter-Strike 2 выиг...
2026-02-24 06:57:55,336 [INFO]   ✓ Сохранено: podcast_5.mp3 (207.8 KB)
2026-02-24 06:57:55,336 [INFO]   Озвучиваю: Платформа GOG призвала геймеров поддержать сохране...
2026-02-24 06:57:57,028 [INFO]   ✓ Сохранено: podcast_6.mp3 (289.9 KB)
2026-02-24 06:57:57,028 [INFO]   Озвучиваю: В Steam начался зимний фестиваль демоверсий «Играм...
2026-02-24 06:57:58,709 [INFO]   ✓ Сохранено: podcast_7.mp3 (238.5 KB)
2026-02-24 06:57:58,709 [INFO]   Озвучиваю: Ubisoft доверила франшизу Assassin’s Creed ветеран...
2026-02-24 06:57:59,755 [INFO]   ✓ Сохранено: podcast_8.mp3 (182.1 KB)
2026-02-24 06:57:59,755 [INFO]   Озвучиваю: На следующей неделе Nacon проведёт свою презентаци...
2026-02-24 06:58:00,773 [INFO]   ✓ Сохранено: podcast_9.mp3 (160.9 KB)
2026-02-24 06:58:00,773 [INFO]   Озвучиваю: Пиратский PvE-выживач Windrose поселился в миллион...
2026-02-24 06:58:01,509 [INFO]   ✓ Сохранено: podcast_10.mp3 (143.4 KB)
2026-02-24 06:58:01,509 [INFO]   Озвучиваю: Disciples: Domination: Обзор второй части неоднозн...
2026-02-24 06:58:04,548 [INFO]   ✓ Сохранено: podcast_11.mp3 (403.5 KB)
2026-02-24 06:58:04,548 [INFO]   Озвучиваю: REANIMAL: Обзор долгожданной духовной наследницы L...
2026-02-24 06:58:06,247 [INFO]   ✓ Сохранено: podcast_12.mp3 (278.6 KB)
2026-02-24 06:58:06,247 [INFO]   Озвучиваю: Crisol: Theater of Idols: Обзор экшен-хоррора про ...
2026-02-24 06:58:08,840 [INFO]   ✓ Сохранено: podcast_13.mp3 (390.0 KB)
2026-02-24 06:58:08,841 [INFO]   Озвучиваю: Neverness to Everness: Превью игры, которую ждут м...
2026-02-24 06:58:11,767 [INFO]   ✓ Сохранено: podcast_14.mp3 (395.6 KB)
2026-02-24 06:58:11,767 [INFO]   Озвучиваю: Code Vein II: Обзор неоднозначного анимешного соул...
2026-02-24 06:58:14,393 [INFO]   ✓ Сохранено: podcast_15.mp3 (306.4 KB)
2026-02-24 06:58:14,394 [INFO] podcasts.json обновлён
2026-02-24 06:58:14,394 [INFO] 
==================================================
2026-02-24 06:58:14,394 [INFO] ИТОГО: 15 озвучено, 0 ошибок
2026-02-24 06:58:14,394 [INFO] ==================================================
2026-02-25 06:59:42,237 [INFO] ==================================================
2026-02-25 06:59:42,237 [INFO] GameNews TTS — Генерация аудио
2026-02-25 06:59:42,237 [INFO] ==================================================
2026-02-25 06:59:42,238 [INFO] Загружено 15 подкастов из /home/runner/work/GameNews/GameNews/podcasts.json
2026-02-25 06:59:42,238 [INFO]   Озвучиваю: EVO теперь полностью принадлежит саудовскому фонду...
2026-02-25 06:59:43,843 [INFO]   ✓ Сохранено: podcast_1.mp3 (231.4 KB)
2026-02-25 06:59:43,843 [INFO]   Озвучиваю: Мошенницу-киберспортсменку Tokyogurl и ее сообщник...
2026-02-25 06:59:44,789 [INFO]   ✓ Сохранено: podcast_2.mp3 (177.6 KB)
2026-02-25 06:59:44,790 [INFO]   Озвучиваю: «Московский Киберспорт» возвращается со 140 турнир...
2026-02-25 06:59:45,565 [INFO]   ✓ Сохранено: podcast_3.mp3 (143.4 KB)
2026-02-25 06:59:45,566 [INFO]   Озвучиваю: Virtus.prо словили "технарь" на турнире по CS2 из-...
2026-02-25 06:59:46,546 [INFO]   ✓ Сохранено: podcast_4.mp3 (201.4 KB)
2026-02-25 06:59:46,546 [INFO]   Озвучиваю: Первый в 2026 году турнир по Counter-Strike 2 выиг...
2026-02-25 06:59:47,835 [INFO]   ✓ Сохранено: podcast_5.mp3 (207.8 KB)
2026-02-25 06:59:47,835 [INFO]   Озвучиваю: Актёр из «Дэдпула» и «Игры престолов» сыграет Баль...
2026-02-25 06:59:48,953 [INFO]   ✓ Сохранено: podcast_6.mp3 (172.5 KB)
2026-02-25 06:59:48,953 [INFO]   Озвучиваю: Оригинальная Final Fantasy VII обзавелась улучшени...
2026-02-25 06:59:49,911 [INFO]   ✓ Сохранено: podcast_7.mp3 (156.2 KB)
2026-02-25 06:59:49,911 [INFO]   Озвучиваю: Сооснователь Xbox — о сдвиге Microsoft в сторону И...
2026-02-25 06:59:51,832 [INFO]   ✓ Сохранено: podcast_8.mp3 (249.2 KB)
2026-02-25 06:59:51,832 [INFO]   Озвучиваю: В рогалик TMNT: Splintered Fate добавили боевую ли...
2026-02-25 06:59:53,337 [INFO]   ✓ Сохранено: podcast_9.mp3 (195.9 KB)
2026-02-25 06:59:53,337 [INFO]   Озвучиваю: Marvel's Wolverine выйдет 15 сентября...
2026-02-25 06:59:54,597 [INFO]   ✓ Сохранено: podcast_10.mp3 (204.9 KB)
2026-02-25 06:59:54,598 [INFO]   Озвучиваю: Romeo is a Dead Man: Обзор одной из лучших игр Гои...
2026-02-25 06:59:57,981 [INFO]   ✓ Сохранено: podcast_11.mp3 (393.2 KB)
2026-02-25 06:59:57,981 [INFO]   Озвучиваю: Disciples: Domination: Обзор второй части неоднозн...
2026-02-25 07:00:01,241 [INFO]   ✓ Сохранено: podcast_12.mp3 (403.5 KB)
2026-02-25 07:00:01,241 [INFO]   Озвучиваю: REANIMAL: Обзор долгожданной духовной наследницы L...
2026-02-25 07:00:02,943 [INFO]   ✓ Сохранено: podcast_13.mp3 (278.6 KB)
2026-02-25 07:00:02,943 [INFO]   Озвучиваю: Crisol: Theater of Idols: Обзор экшен-хоррора про ...
2026-02-25 07:00:05,879 [INFO]   ✓ Сохранено: podcast_14.mp3 (390.0 KB)
2026-02-25 07:00:05,879 [INFO]   Озвучиваю: Neverness to Everness: Превью игры, которую ждут м...
2026-02-25 07:00:09,153 [INFO]   ✓ Сохранено: podcast_15.mp3 (395.6 KB)
2026-02-25 07:00:09,154 [INFO] podcasts.json обновлён
2026-02-25 07:00:09,154 [INFO] 
==================================================
2026-02-25 07:00:09,154 [INFO] ИТОГО: 15 озвучено, 0 ошибок
2026-02-25 07:00:09,154 [INFO] ==================================================
2026-02-26 06:57:48,943 [INFO] ==================================================
2026-02-26 06:57:48,943 [INFO] GameNews TTS — Генерация аудио
2026-02-26 06:57:48,943 [INFO] ==================================================
2026-02-26 06:57:48,944 [INFO] Загружено 15 подкастов из /home/runner/work/GameNews/GameNews/podcasts.json
2026-02-26 06:57:48,944 [INFO]   Озвучиваю: Новые владельцы EVO заявили о расширении, анонсиро...
2026-02-26 06:57:49,802 [INFO]   ✓ Сохранено: podcast_1.mp3 (168.8 KB)
2026-02-26 06:57:49,802 [INFO]   Озвучиваю: EVO теперь полностью принадлежит саудовскому фонду...
2026-02-26 06:57:51,178 [INFO]   ✓ Сохранено: podcast_2.mp3 (231.4 KB)
2026-02-26 06:57:51,179 [INFO]   Озвучиваю: Мошенницу-киберспортсменку Tokyogurl и ее сообщник...
2026-02-26 06:57:52,038 [INFO]   ✓ Сохранено: podcast_3.mp3 (177.6 KB)
2026-02-26 06:57:52,038 [INFO]   Озвучиваю: «Московский Киберспорт» возвращается со 140 турнир...
2026-02-26 06:57:52,721 [INFO]   ✓ Сохранено: podcast_4.mp3 (143.4 KB)
2026-02-26 06:57:52,721 [INFO]   Озвучиваю: Virtus.prо словили "технарь" на турнире по CS2 из-...
2026-02-26 06:57:53,860 [INFO]   ✓ Сохранено: podcast_5.mp3 (201.4 KB)
2026-02-26 06:57:53,860 [INFO]   Озвучиваю: В студии разработчиков skate. пройдут увольнения...
2026-02-26 06:57:54,861 [INFO]   ✓ Сохранено: podcast_6.mp3 (146.6 KB)
2026-02-26 06:57:54,861 [INFO]   Озвучиваю: «Это битва за судьбу вашего мира» — смотрите трейл...
2026-02-26 06:57:56,567 [INFO]   ✓ Сохранено: podcast_7.mp3 (237.9 KB)
2026-02-26 06:57:56,568 [INFO]   Озвучиваю: Творческий директор Assassin's Creed Codename Hexe...
2026-02-26 06:57:58,265 [INFO]   ✓ Сохранено: podcast_8.mp3 (247.1 KB)
2026-02-26 06:57:58,266 [INFO]   Озвучиваю: PS+ в марте — The Elder Scrolls Online, Monster Hu...
2026-02-26 06:57:59,788 [INFO]   ✓ Сохранено: podcast_9.mp3 (211.1 KB)
2026-02-26 06:57:59,788 [INFO]   Озвучиваю: Balatro вышла на Switch 2...
2026-02-26 06:58:00,533 [INFO]   ✓ Сохранено: podcast_10.mp3 (148.1 KB)
2026-02-26 06:58:00,533 [INFO]   Озвучиваю: Romeo is a Dead Man: Обзор одной из лучших игр Гои...
2026-02-26 06:58:03,340 [INFO]   ✓ Сохранено: podcast_11.mp3 (393.2 KB)
2026-02-26 06:58:03,341 [INFO]   Озвучиваю: Disciples: Domination: Обзор второй части неоднозн...
2026-02-26 06:58:06,199 [INFO]   ✓ Сохранено: podcast_12.mp3 (403.5 KB)
2026-02-26 06:58:06,200 [INFO]   Озвучиваю: REANIMAL: Обзор долгожданной духовной наследницы L...
2026-02-26 06:58:07,846 [INFO]   ✓ Сохранено: podcast_13.mp3 (278.6 KB)
2026-02-26 06:58:07,846 [INFO]   Озвучиваю: Crisol: Theater of Idols: Обзор экшен-хоррора про ...
2026-02-26 06:58:10,281 [INFO]   ✓ Сохранено: podcast_14.mp3 (390.0 KB)
2026-02-26 06:58:10,282 [INFO]   Озвучиваю: Neverness to Everness: Превью игры, которую ждут м...
2026-02-26 06:58:13,040 [INFO]   ✓ Сохранено: podcast_15.mp3 (395.6 KB)
2026-02-26 06:58:13,041 [INFO] podcasts.json обновлён
2026-02-26 06:58:13,041 [INFO] 
==================================================
2026-02-26 06:58:13,041 [INFO] ИТОГО: 15 озвучено, 0 ошибок
2026-02-26 06:58:13,041 [INFO] ==================================================
2026-02-27 06:51:25,150 [INFO] ==================================================
2026-02-27 06:51:25,150 [INFO] GameNews TTS — Генерация аудио
2026-02-27 06:51:25,150 [INFO] ==================================================
2026-02-27 06:51:25,151 [INFO] Загружено 15 подкастов из /home/runner/work/GameNews/GameNews/podcasts.json
2026-02-27 06:51:25,151 [INFO]   Озвучиваю: Новые владельцы EVO заявили о расширении, анонсиро...
2026-02-27 06:51:26,063 [INFO]   ✓ Сохранено: podcast_1.mp3 (168.8 KB)
2026-02-27 06:51:26,063 [INFO]   Озвучиваю: EVO теперь полностью принадлежит саудовскому фонду...
2026-02-27 06:51:27,469 [INFO]   ✓ Сохранено: podcast_2.mp3 (231.4 KB)
2026-02-27 06:51:27,470 [INFO]   Озвучиваю: Мошенницу-киберспортсменку Tokyogurl и ее сообщник...
2026-02-27 06:51:28,329 [INFO]   ✓ Сохранено: podcast_3.mp3 (177.6 KB)
2026-02-27 06:51:28,330 [INFO]   Озвучиваю: «Московский Киберспорт» возвращается со 140 турнир...
2026-02-27 06:51:29,006 [INFO]   ✓ Сохранено: podcast_4.mp3 (143.4 KB)
2026-02-27 06:51:29,006 [INFO]   Озвучиваю: Virtus.prо словили "технарь" на турнире по CS2 из-...
2026-02-27 06:51:29,842 [INFO]   ✓ Сохранено: podcast_5.mp3 (201.4 KB)
2026-02-27 06:51:29,842 [INFO]   Озвучиваю: 28 апреля выйдет битемап He-Man and the Masters of...
2026-02-27 06:51:31,373 [INFO]   ✓ Сохранено: podcast_6.mp3 (272.6 KB)
2026-02-27 06:51:31,373 [INFO]   Озвучиваю: Создатель Just Cause назвал дату релиза своего нов...
2026-02-27 06:51:32,247 [INFO]   ✓ Сохранено: podcast_7.mp3 (164.8 KB)
2026-02-27 06:51:32,248 [INFO]   Озвучиваю: Неудавшийся выживач и спесь директоров — расследов...
2026-02-27 06:51:34,090 [INFO]   ✓ Сохранено: podcast_8.mp3 (277.1 KB)
2026-02-27 06:51:34,090 [INFO]   Озвучиваю: Авторы Postal анонсировали психологический хоррор-...
2026-02-27 06:51:35,317 [INFO]   ✓ Сохранено: podcast_9.mp3 (187.3 KB)
2026-02-27 06:51:35,317 [INFO]   Озвучиваю: Анонс MARVEL MaXimum Collection — сборника древних...
2026-02-27 06:51:35,949 [INFO]   ✓ Сохранено: podcast_10.mp3 (90.0 KB)
2026-02-27 06:51:35,949 [INFO]   Озвучиваю: Romeo is a Dead Man: Обзор одной из лучших игр Гои...
2026-02-27 06:51:39,115 [INFO]   ✓ Сохранено: podcast_11.mp3 (393.2 KB)
2026-02-27 06:51:39,115 [INFO]   Озвучиваю: Disciples: Domination: Обзор второй части неоднозн...
2026-02-27 06:51:42,300 [INFO]   ✓ Сохранено: podcast_12.mp3 (403.5 KB)
2026-02-27 06:51:42,301 [INFO]   Озвучиваю: REANIMAL: Обзор долгожданной духовной наследницы L...
2026-02-27 06:51:44,069 [INFO]   ✓ Сохранено: podcast_13.mp3 (278.6 KB)
2026-02-27 06:51:44,070 [INFO]   Озвучиваю: Crisol: Theater of Idols: Обзор экшен-хоррора про ...
2026-02-27 06:51:46,644 [INFO]   ✓ Сохранено: podcast_14.mp3 (390.0 KB)
2026-02-27 06:51:46,644 [INFO]   Озвучиваю: Neverness to Everness: Превью игры, которую ждут м...
2026-02-27 06:51:49,685 [INFO]   ✓ Сохранено: podcast_15.mp3 (395.6 KB)
2026-02-27 06:51:49,686 [INFO] podcasts.json обновлён
2026-02-27 06:51:49,686 [INFO] 
==================================================
2026-02-27 06:51:49,686 [INFO] ИТОГО: 15 озвучено, 0 ошибок
2026-02-27 06:51:49,686 [INFO] ==================================================
2026-02-28 06:35:16,917 [INFO] ==================================================
2026-02-28 06:35:16,917 [INFO] GameNews TTS — Генерация аудио
2026-02-28 06:35:16,917 [INFO] ==================================================
2026-02-28 06:35:16,917 [INFO] Загружено 15 подкастов из /home/runner/work/GameNews/GameNews/podcasts.json
2026-02-28 06:35:16,917 [INFO]   Озвучиваю: Новые владельцы EVO заявили о расширении, анонсиро...
2026-02-28 06:35:17,899 [INFO]   ✓ Сохранено: podcast_1.mp3 (168.8 KB)
2026-02-28 06:35:17,900 [INFO]   Озвучиваю: EVO теперь полностью принадлежит саудовскому фонду...
2026-02-28 06:35:19,437 [INFO]   ✓ Сохранено: podcast_2.mp3 (231.4 KB)
2026-02-28 06:35:19,437 [INFO]   Озвучиваю: Мошенницу-киберспортсменку Tokyogurl и ее сообщник...
2026-02-28 06:35:20,300 [INFO]   ✓ Сохранено: podcast_3.mp3 (177.6 KB)
2026-02-28 06:35:20,301 [INFO]   Озвучиваю: «Московский Киберспорт» возвращается со 140 турнир...
2026-02-28 06:35:21,089 [INFO]   ✓ Сохранено: podcast_4.mp3 (143.4 KB)
2026-02-28 06:35:21,089 [INFO]   Озвучиваю: Virtus.prо словили "технарь" на турнире по CS2 из-...
2026-02-28 06:35:21,956 [INFO]   ✓ Сохранено: podcast_5.mp3 (201.4 KB)
2026-02-28 06:35:21,957 [INFO]   Озвучиваю: Крошечный музыкальный Game Boy, классика с GameCub...
2026-02-28 06:35:22,775 [INFO]   ✓ Сохранено: podcast_6.mp3 (94.5 KB)
2026-02-28 06:35:22,775 [INFO]   Озвучиваю: Фото: актёры в образах Кратоса и Атрея из сериала ...
2026-02-28 06:35:24,351 [INFO]   ✓ Сохранено: podcast_7.mp3 (192.2 KB)
2026-02-28 06:35:24,351 [INFO]   Озвучиваю: Скоро PS5 Pro получит улучшенный апскейлер PSSR. R...
2026-02-28 06:35:26,158 [INFO]   ✓ Сохранено: podcast_8.mp3 (319.3 KB)
2026-02-28 06:35:26,158 [INFO]   Озвучиваю: Онлайн Marathon в Steam на открытом тестировании п...
2026-02-28 06:35:27,502 [INFO]   ✓ Сохранено: podcast_9.mp3 (236.6 KB)
2026-02-28 06:35:27,502 [INFO]   Озвучиваю: Шрайер: в Sony пересматривают стратегию по выпуску...
2026-02-28 06:35:29,690 [INFO]   ✓ Сохранено: podcast_10.mp3 (310.9 KB)
2026-02-28 06:35:29,690 [INFO]   Озвучиваю: Romeo is a Dead Man: Обзор одной из лучших игр Гои...
2026-02-28 06:35:32,992 [INFO]   ✓ Сохранено: podcast_11.mp3 (393.2 KB)
2026-02-28 06:35:32,993 [INFO]   Озвучиваю: Disciples: Domination: Обзор второй части неоднозн...
2026-02-28 06:35:36,204 [INFO]   ✓ Сохранено: podcast_12.mp3 (403.7 KB)
2026-02-28 06:35:36,204 [INFO]   Озвучиваю: REANIMAL: Обзор долгожданной духовной наследницы L...
2026-02-28 06:35:37,865 [INFO]   ✓ Сохранено: podcast_13.mp3 (278.6 KB)
2026-02-28 06:35:37,865 [INFO]   Озвучиваю: Crisol: Theater of Idols: Обзор экшен-хоррора про ...
2026-02-28 06:35:40,600 [INFO]   ✓ Сохранено: podcast_14.mp3 (390.0 KB)
2026-02-28 06:35:40,600 [INFO]   Озвучиваю: Neverness to Everness: Превью игры, которую ждут м...
2026-02-28 06:35:43,624 [INFO]   ✓ Сохранено: podcast_15.mp3 (395.6 KB)
2026-02-28 06:35:43,625 [INFO] podcasts.json обновлён
2026-02-28 06:35:43,625 [INFO] 
==================================================
2026-02-28 06:35:43,625 [INFO] ИТОГО: 15 озвучено, 0 ошибок
2026-02-28 06:35:43,625 [INFO] ==================================================
2026-03-01 06:42:42,634 [INFO] ==================================================
2026-03-01 06:42:42,634 [INFO] GameNews TTS — Генерация аудио
2026-03-01 06:42:42,634 [INFO] ==================================================
2026-03-01 06:42:42,634 [INFO] Загружено 15 подкастов из /home/runner/work/GameNews/GameNews/podcasts.json
2026-03-01 06:42:42,634 [INFO]   Озвучиваю: Новые владельцы EVO заявили о расширении, анонсиро...
2026-03-01 06:42:43,510 [INFO]   ✓ Сохранено: podcast_1.mp3 (168.8 KB)
2026-03-01 06:42:43,510 [INFO]   Озвучиваю: EVO теперь полностью принадлежит саудовскому фонду...
2026-03-01 06:42:44,919 [INFO]   ✓ Сохранено: podcast_2.mp3 (231.4 KB)
2026-03-01 06:42:44,920 [INFO]   Озвучиваю: Мошенницу-киберспортсменку Tokyogurl и ее сообщник...
2026-03-01 06:42:45,787 [INFO]   ✓ Сохранено: podcast_3.mp3 (177.6 KB)
2026-03-01 06:42:45,787 [INFO]   Озвучиваю: «Московский Киберспорт» возвращается со 140 турнир...
2026-03-01 06:42:46,525 [INFO]   ✓ Сохранено: podcast_4.mp3 (143.4 KB)
2026-03-01 06:42:46,525 [INFO]   Озвучиваю: Virtus.prо словили "технарь" на турнире по CS2 из-...
2026-03-01 06:42:47,268 [INFO]   ✓ Сохранено: podcast_5.mp3 (201.4 KB)
2026-03-01 06:42:47,269 [INFO]   Озвучиваю: Анонс We Were Here Tomorrow — кооперативной голово...
2026-03-01 06:42:47,853 [INFO]   ✓ Сохранено: podcast_6.mp3 (76.7 KB)
2026-03-01 06:42:47,853 [INFO]   Озвучиваю: Крошечный музыкальный Game Boy, классика с GameCub...
2026-03-01 06:42:48,544 [INFO]   ✓ Сохранено: podcast_7.mp3 (94.5 KB)
2026-03-01 06:42:48,544 [INFO]   Озвучиваю: Фото: актёры в образах Кратоса и Атрея из сериала ...
2026-03-01 06:42:49,942 [INFO]   ✓ Сохранено: podcast_8.mp3 (192.2 KB)
2026-03-01 06:42:49,942 [INFO]   Озвучиваю: Скоро PS5 Pro получит улучшенный апскейлер PSSR. R...
2026-03-01 06:42:51,565 [INFO]   ✓ Сохранено: podcast_9.mp3 (319.3 KB)
2026-03-01 06:42:51,565 [INFO]   Озвучиваю: Онлайн Marathon в Steam на открытом тестировании п...
2026-03-01 06:42:52,798 [INFO]   ✓ Сохранено: podcast_10.mp3 (236.6 KB)
2026-03-01 06:42:52,798 [INFO]   Озвучиваю: Romeo is a Dead Man: Обзор одной из лучших игр Гои...
2026-03-01 06:42:55,793 [INFO]   ✓ Сохранено: podcast_11.mp3 (393.2 KB)
2026-03-01 06:42:55,793 [INFO]   Озвучиваю: Disciples: Domination: Обзор второй части неоднозн...
2026-03-01 06:42:58,709 [INFO]   ✓ Сохранено: podcast_12.mp3 (403.5 KB)
2026-03-01 06:42:58,709 [INFO]   Озвучиваю: REANIMAL: Обзор долгожданной духовной наследницы L...
2026-03-01 06:43:00,257 [INFO]   ✓ Сохранено: podcast_13.mp3 (278.6 KB)
2026-03-01 06:43:00,257 [INFO]   Озвучиваю: Crisol: Theater of Idols: Обзор экшен-хоррора про ...
2026-03-01 06:43:02,709 [INFO]   ✓ Сохранено: podcast_14.mp3 (390.0 KB)
2026-03-01 06:43:02,710 [INFO]   Озвучиваю: Neverness to Everness: Превью игры, которую ждут м...
2026-03-01 06:43:05,642 [INFO]   ✓ Сохранено: podcast_15.mp3 (395.6 KB)
2026-03-01 06:43:05,642 [INFO] podcasts.json обновлён
2026-03-01 06:43:05,642 [INFO] 
==================================================
2026-03-01 06:43:05,643 [INFO] ИТОГО: 15 озвучено, 0 ошибок
2026-03-01 06:43:05,643 [INFO] ==================================================
2026-03-02 06:55:17,577 [INFO] ==================================================
2026-03-02 06:55:17,577 [INFO] GameNews TTS — Генерация аудио
2026-03-02 06:55:17,577 [INFO] ==================================================
2026-03-02 06:55:17,578 [INFO] Загружено 15 подкастов из /home/runner/work/GameNews/GameNews/podcasts.json
2026-03-02 06:55:17,578 [INFO]   Озвучиваю: Новые владельцы EVO заявили о расширении, анонсиро...
2026-03-02 06:55:18,618 [INFO]   ✓ Сохранено: podcast_1.mp3 (168.8 KB)
2026-03-02 06:55:18,618 [INFO]   Озвучиваю: EVO теперь полностью принадлежит саудовскому фонду...
2026-03-02 06:55:20,236 [INFO]   ✓ Сохранено: podcast_2.mp3 (231.4 KB)
2026-03-02 06:55:20,236 [INFO]   Озвучиваю: Мошенницу-киберспортсменку Tokyogurl и ее сообщник...
2026-03-02 06:55:21,224 [INFO]   ✓ Сохранено: podcast_3.mp3 (177.6 KB)
2026-03-02 06:55:21,224 [INFO]   Озвучиваю: «Московский Киберспорт» возвращается со 140 турнир...
2026-03-02 06:55:22,077 [INFO]   ✓ Сохранено: podcast_4.mp3 (143.4 KB)
2026-03-02 06:55:22,077 [INFO]   Озвучиваю: Virtus.prо словили "технарь" на турнире по CS2 из-...
2026-03-02 06:55:23,116 [INFO]   ✓ Сохранено: podcast_5.mp3 (201.2 KB)
2026-03-02 06:55:23,116 [INFO]   Озвучиваю: Шрайер: в Bluepoint хотели сделать ремейк Bloodbor...
2026-03-02 06:55:24,759 [INFO]   ✓ Сохранено: podcast_6.mp3 (193.7 KB)
2026-03-02 06:55:24,759 [INFO]   Озвучиваю: Анонс We Were Here Tomorrow — кооперативной голово...
2026-03-02 06:55:25,372 [INFO]   ✓ Сохранено: podcast_7.mp3 (76.7 KB)
2026-03-02 06:55:25,372 [INFO]   Озвучиваю: Крошечный музыкальный Game Boy, классика с GameCub...
2026-03-02 06:55:26,177 [INFO]   ✓ Сохранено: podcast_8.mp3 (94.5 KB)
2026-03-02 06:55:26,177 [INFO]   Озвучиваю: Фото: актёры в образах Кратоса и Атрея из сериала ...
2026-03-02 06:55:27,835 [INFO]   ✓ Сохранено: podcast_9.mp3 (192.2 KB)
2026-03-02 06:55:27,835 [INFO]   Озвучиваю: Скоро PS5 Pro получит улучшенный апскейлер PSSR. R...
2026-03-02 06:55:29,795 [INFO]   ✓ Сохранено: podcast_10.mp3 (319.3 KB)
2026-03-02 06:55:29,795 [INFO]   Озвучиваю: Romeo is a Dead Man: Обзор одной из лучших игр Гои...
2026-03-02 06:55:33,237 [INFO]   ✓ Сохранено: podcast_11.mp3 (393.2 KB)
2026-03-02 06:55:33,237 [INFO]   Озвучиваю: Disciples: Domination: Обзор второй части неоднозн...
2026-03-02 06:55:36,628 [INFO]   ✓ Сохранено: podcast_12.mp3 (403.5 KB)
2026-03-02 06:55:36,628 [INFO]   Озвучиваю: REANIMAL: Обзор долгожданной духовной наследницы L...
2026-03-02 06:55:38,504 [INFO]   ✓ Сохранено: podcast_13.mp3 (278.6 KB)
2026-03-02 06:55:38,504 [INFO]   Озвучиваю: Crisol: Theater of Idols: Обзор экшен-хоррора про ...
2026-03-02 06:55:41,290 [INFO]   ✓ Сохранено: podcast_14.mp3 (390.0 KB)
2026-03-02 06:55:41,291 [INFO]   Озвучиваю: Neverness to Everness: Превью игры, которую ждут м...
2026-03-02 06:55:44,472 [INFO]   ✓ Сохранено: podcast_15.mp3 (395.6 KB)
2026-03-02 06:55:44,472 [INFO] podcasts.json обновлён
2026-03-02 06:55:44,472 [INFO] 
==================================================
2026-03-02 06:55:44,472 [INFO] ИТОГО: 15 озвучено, 0 ошибок
2026-03-02 06:55:44,472 [INFO] ==================================================
2026-03-03 06:48:13,681 [INFO] ==================================================
2026-03-03 06:48:13,681 [INFO] GameNews TTS — Генерация аудио
2026-03-03 06:48:13,681 [INFO] ==================================================
2026-03-03 06:48:13,682 [INFO] Загружено 15 подкастов из /home/runner/work/GameNews/GameNews/podcasts.json
2026-03-03 06:48:13,682 [INFO]   Озвучиваю: Новые владельцы EVO заявили о расширении, анонсиро...
2026-03-03 06:48:14,632 [INFO]   ✓ Сохранено: podcast_1.mp3 (168.8 KB)
2026-03-03 06:48:14,632 [INFO]   Озвучиваю: EVO теперь полностью принадлежит саудовскому фонду...
2026-03-03 06:48:16,110 [INFO]   ✓ Сохранено: podcast_2.mp3 (231.4 KB)
2026-03-03 06:48:16,110 [INFO]   Озвучиваю: Мошенницу-киберспортсменку Tokyogurl и ее сообщник...
2026-03-03 06:48:16,929 [INFO]   ✓ Сохранено: podcast_3.mp3 (177.6 KB)
2026-03-03 06:48:16,929 [INFO]   Озвучиваю: «Московский Киберспорт» возвращается со 140 турнир...
2026-03-03 06:48:17,586 [INFO]   ✓ Сохранено: podcast_4.mp3 (143.4 KB)
2026-03-03 06:48:17,586 [INFO]   Озвучиваю: Virtus.prо словили "технарь" на турнире по CS2 из-...
2026-03-03 06:48:18,362 [INFO]   ✓ Сохранено: podcast_5.mp3 (201.4 KB)
2026-03-03 06:48:18,362 [INFO]   Озвучиваю: Стало известно, кто сыграет детей Тора в сериале п...
2026-03-03 06:48:19,392 [INFO]   ✓ Сохранено: podcast_6.mp3 (139.9 KB)
2026-03-03 06:48:19,392 [INFO]   Озвучиваю: Анонсирована Ballgame — необычный платформер про б...
2026-03-03 06:48:19,790 [INFO]   ✓ Сохранено: podcast_7.mp3 (63.4 KB)
2026-03-03 06:48:19,790 [INFO]   Озвучиваю: Песочница про добычу золота Hydroneer пропишется н...
2026-03-03 06:48:20,210 [INFO]   ✓ Сохранено: podcast_8.mp3 (85.9 KB)
2026-03-03 06:48:20,210 [INFO]   Озвучиваю: Похоже, следующая Gran Turismo уже в разработке...
2026-03-03 06:48:21,499 [INFO]   ✓ Сохранено: podcast_9.mp3 (154.9 KB)
2026-03-03 06:48:21,499 [INFO]   Озвучиваю: Nacon отложила свою презентацию игр — теперь она п...
2026-03-03 06:48:22,524 [INFO]   ✓ Сохранено: podcast_10.mp3 (188.8 KB)
2026-03-03 06:48:22,524 [INFO]   Озвучиваю: Romeo is a Dead Man: Обзор одной из лучших игр Гои...
2026-03-03 06:48:25,707 [INFO]   ✓ Сохранено: podcast_11.mp3 (393.2 KB)
2026-03-03 06:48:25,707 [INFO]   Озвучиваю: Disciples: Domination: Обзор второй части неоднозн...
2026-03-03 06:48:28,722 [INFO]   ✓ Сохранено: podcast_12.mp3 (403.5 KB)
2026-03-03 06:48:28,723 [INFO]   Озвучиваю: REANIMAL: Обзор долгожданной духовной наследницы L...
2026-03-03 06:48:30,331 [INFO]   ✓ Сохранено: podcast_13.mp3 (278.6 KB)
2026-03-03 06:48:30,331 [INFO]   Озвучиваю: Crisol: Theater of Idols: Обзор экшен-хоррора про ...
2026-03-03 06:48:32,797 [INFO]   ✓ Сохранено: podcast_14.mp3 (390.2 KB)
2026-03-03 06:48:32,797 [INFO]   Озвучиваю: Neverness to Everness: Превью игры, которую ждут м...
2026-03-03 06:48:35,749 [INFO]   ✓ Сохранено: podcast_15.mp3 (395.6 KB)
2026-03-03 06:48:35,749 [INFO] podcasts.json обновлён
2026-03-03 06:48:35,749 [INFO] 
==================================================
2026-03-03 06:48:35,749 [INFO] ИТОГО: 15 озвучено, 0 ошибок
2026-03-03 06:48:35,750 [INFO] ==================================================
2026-03-04 06:43:14,560 [INFO] ==================================================
2026-03-04 06:43:14,560 [INFO] GameNews TTS — Генерация аудио
2026-03-04 06:43:14,560 [INFO] ==================================================
2026-03-04 06:43:14,561 [INFO] Загружено 15 подкастов из /home/runner/work/GameNews/GameNews/podcasts.json
2026-03-04 06:43:14,561 [INFO]   Озвучиваю: Новые владельцы EVO заявили о расширении, анонсиро...
2026-03-04 06:43:15,633 [INFO]   ✓ Сохранено: podcast_1.mp3 (168.8 KB)
2026-03-04 06:43:15,633 [INFO]   Озвучиваю: EVO теперь полностью принадлежит саудовскому фонду...
2026-03-04 06:43:17,077 [INFO]   ✓ Сохранено: podcast_2.mp3 (231.2 KB)
2026-03-04 06:43:17,077 [INFO]   Озвучиваю: Мошенницу-киберспортсменку Tokyogurl и ее сообщник...
2026-03-04 06:43:18,046 [INFO]   ✓ Сохранено: podcast_3.mp3 (177.6 KB)
2026-03-04 06:43:18,046 [INFO]   Озвучиваю: «Московский Киберспорт» возвращается со 140 турнир...
2026-03-04 06:43:18,712 [INFO]   ✓ Сохранено: podcast_4.mp3 (143.4 KB)
2026-03-04 06:43:18,712 [INFO]   Озвучиваю: Virtus.prо словили "технарь" на турнире по CS2 из-...
2026-03-04 06:43:19,509 [INFO]   ✓ Сохранено: podcast_5.mp3 (201.4 KB)
2026-03-04 06:43:19,509 [INFO]   Озвучиваю: Серверы Highguard отключат 12 марта...
2026-03-04 06:43:20,504 [INFO]   ✓ Сохранено: podcast_6.mp3 (164.4 KB)
2026-03-04 06:43:20,504 [INFO]   Озвучиваю: Стало известно, кто сыграет Макс и Хлою в сериале ...
2026-03-04 06:43:20,856 [INFO]   ✓ Сохранено: podcast_7.mp3 (96.6 KB)
2026-03-04 06:43:20,856 [INFO]   Озвучиваю: Стилизованная аркада #DRIVE Rally доедет до консол...
2026-03-04 06:43:21,308 [INFO]   ✓ Сохранено: podcast_8.mp3 (111.4 KB)
2026-03-04 06:43:21,308 [INFO]   Озвучиваю: Marathon пробилась в чарт продаж Steam, но на перв...
2026-03-04 06:43:22,852 [INFO]   ✓ Сохранено: podcast_9.mp3 (261.9 KB)
2026-03-04 06:43:22,852 [INFO]   Озвучиваю: «Она очень сильно на меня повлияла» — ведущий диза...
2026-03-04 06:43:25,160 [INFO]   ✓ Сохранено: podcast_10.mp3 (303.9 KB)
2026-03-04 06:43:25,160 [INFO]   Озвучиваю: Romeo is a Dead Man: Обзор одной из лучших игр Гои...
2026-03-04 06:43:28,309 [INFO]   ✓ Сохранено: podcast_11.mp3 (393.2 KB)
2026-03-04 06:43:28,310 [INFO]   Озвучиваю: Disciples: Domination: Обзор второй части неоднозн...
2026-03-04 06:43:31,299 [INFO]   ✓ Сохранено: podcast_12.mp3 (403.5 KB)
2026-03-04 06:43:31,300 [INFO]   Озвучиваю: REANIMAL: Обзор долгожданной духовной наследницы L...
2026-03-04 06:43:32,922 [INFO]   ✓ Сохранено: podcast_13.mp3 (278.6 KB)
2026-03-04 06:43:32,922 [INFO]   Озвучиваю: Crisol: Theater of Idols: Обзор экшен-хоррора про ...
2026-03-04 06:43:35,358 [INFO]   ✓ Сохранено: podcast_14.mp3 (390.0 KB)
2026-03-04 06:43:35,359 [INFO]   Озвучиваю: Neverness to Everness: Превью игры, которую ждут м...
2026-03-04 06:43:38,396 [INFO]   ✓ Сохранено: podcast_15.mp3 (395.6 KB)
2026-03-04 06:43:38,397 [INFO] podcasts.json обновлён
2026-03-04 06:43:38,397 [INFO] 
==================================================
2026-03-04 06:43:38,397 [INFO] ИТОГО: 15 озвучено, 0 ошибок
2026-03-04 06:43:38,397 [INFO] ==================================================
2026-03-05 06:48:47,016 [INFO] ==================================================
2026-03-05 06:48:47,016 [INFO] GameNews TTS — Генерация аудио
2026-03-05 06:48:47,016 [INFO] ==================================================
2026-03-05 06:48:47,017 [INFO] Загружено 15 подкастов из /home/runner/work/GameNews/GameNews/podcasts.json
2026-03-05 06:48:47,017 [INFO]   Озвучиваю: Новые владельцы EVO заявили о расширении, анонсиро...
2026-03-05 06:48:47,938 [INFO]   ✓ Сохранено: podcast_1.mp3 (168.8 KB)
2026-03-05 06:48:47,938 [INFO]   Озвучиваю: EVO теперь полностью принадлежит саудовскому фонду...
2026-03-05 06:48:49,440 [INFO]   ✓ Сохранено: podcast_2.mp3 (231.2 KB)
2026-03-05 06:48:49,441 [INFO]   Озвучиваю: Мошенницу-киберспортсменку Tokyogurl и ее сообщник...
2026-03-05 06:48:50,399 [INFO]   ✓ Сохранено: podcast_3.mp3 (177.6 KB)
2026-03-05 06:48:50,399 [INFO]   Озвучиваю: «Московский Киберспорт» возвращается со 140 турнир...
2026-03-05 06:48:51,082 [INFO]   ✓ Сохранено: podcast_4.mp3 (143.4 KB)
2026-03-05 06:48:51,082 [INFO]   Озвучиваю: Virtus.prо словили "технарь" на турнире по CS2 из-...
2026-03-05 06:48:51,924 [INFO]   ✓ Сохранено: podcast_5.mp3 (201.2 KB)
2026-03-05 06:48:51,925 [INFO]   Озвучиваю: Ужас из глубин в трейлере Cthulhu: The Cosmic Abys...
2026-03-05 06:48:53,365 [INFO]   ✓ Сохранено: podcast_6.mp3 (173.1 KB)
2026-03-05 06:48:53,365 [INFO]   Озвучиваю: Castlevania: Belmont's Curse — не рогалик, подтвер...
2026-03-05 06:48:55,584 [INFO]   ✓ Сохранено: podcast_7.mp3 (274.3 KB)
2026-03-05 06:48:55,584 [INFO]   Озвучиваю: DLC «Кровь на Хрустале» для Atomic Heart выйдет 16...
2026-03-05 06:48:56,569 [INFO]   ✓ Сохранено: podcast_8.mp3 (144.6 KB)
2026-03-05 06:48:56,570 [INFO]   Озвучиваю: Resident Evil Requiem возглавила февральский топ с...
2026-03-05 06:48:57,527 [INFO]   ✓ Сохранено: podcast_9.mp3 (197.4 KB)
2026-03-05 06:48:57,527 [INFO]   Озвучиваю: Признание ремейка Black Flag и обновление для Unit...
2026-03-05 06:48:59,279 [INFO]   ✓ Сохранено: podcast_10.mp3 (251.4 KB)
2026-03-05 06:48:59,280 [INFO]   Озвучиваю: Romeo is a Dead Man: Обзор одной из лучших игр Гои...
2026-03-05 06:49:02,540 [INFO]   ✓ Сохранено: podcast_11.mp3 (393.2 KB)
2026-03-05 06:49:02,540 [INFO]   Озвучиваю: Disciples: Domination: Обзор второй части неоднозн...
2026-03-05 06:49:05,680 [INFO]   ✓ Сохранено: podcast_12.mp3 (403.5 KB)
2026-03-05 06:49:05,681 [INFO]   Озвучиваю: REANIMAL: Обзор долгожданной духовной наследницы L...
2026-03-05 06:49:07,335 [INFO]   ✓ Сохранено: podcast_13.mp3 (278.6 KB)
2026-03-05 06:49:07,335 [INFO]   Озвучиваю: Crisol: Theater of Idols: Обзор экшен-хоррора про ...
2026-03-05 06:49:09,956 [INFO]   ✓ Сохранено: podcast_14.mp3 (390.2 KB)
2026-03-05 06:49:09,956 [INFO]   Озвучиваю: Neverness to Everness: Превью игры, которую ждут м...
2026-03-05 06:49:13,014 [INFO]   ✓ Сохранено: podcast_15.mp3 (395.6 KB)
2026-03-05 06:49:13,015 [INFO] podcasts.json обновлён
2026-03-05 06:49:13,015 [INFO] 
==================================================
2026-03-05 06:49:13,015 [INFO] ИТОГО: 15 озвучено, 0 ошибок
2026-03-05 06:49:13,015 [INFO] ==================================================
2026-03-06 06:43:35,978 [INFO] ==================================================
2026-03-06 06:43:35,978 [INFO] GameNews TTS — Генерация аудио
2026-03-06 06:43:35,978 [INFO] ==================================================
2026-03-06 06:43:35,979 [INFO] Загружено 15 подкастов из /home/runner/work/GameNews/GameNews/podcasts.json
2026-03-06 06:43:35,979 [INFO]   Озвучиваю: Новые владельцы EVO заявили о расширении, анонсиро...
2026-03-06 06:43:37,006 [INFO]   ✓ Сохранено: podcast_1.mp3 (168.8 KB)
2026-03-06 06:43:37,006 [INFO]   Озвучиваю: EVO теперь полностью принадлежит саудовскому фонду...
2026-03-06 06:43:38,585 [INFO]   ✓ Сохранено: podcast_2.mp3 (231.4 KB)
2026-03-06 06:43:38,585 [INFO]   Озвучиваю: Мошенницу-киберспортсменку Tokyogurl и ее сообщник...
2026-03-06 06:43:39,575 [INFO]   ✓ Сохранено: podcast_3.mp3 (177.6 KB)
2026-03-06 06:43:39,575 [INFO]   Озвучиваю: «Московский Киберспорт» возвращается со 140 турнир...
2026-03-06 06:43:40,324 [INFO]   ✓ Сохранено: podcast_4.mp3 (143.4 KB)
2026-03-06 06:43:40,324 [INFO]   Озвучиваю: Virtus.prо словили "технарь" на турнире по CS2 из-...
2026-03-06 06:43:41,258 [INFO]   ✓ Сохранено: podcast_5.mp3 (201.4 KB)
2026-03-06 06:43:41,258 [INFO]   Озвучиваю: Красочная головоломка The House of Hikmah стартует...
2026-03-06 06:43:42,222 [INFO]   ✓ Сохранено: podcast_6.mp3 (148.1 KB)
2026-03-06 06:43:42,222 [INFO]   Озвучиваю: Шикарная игра, только лучше — геймеры в Steam расх...
2026-03-06 06:43:44,189 [INFO]   ✓ Сохранено: podcast_7.mp3 (253.1 KB)
2026-03-06 06:43:44,189 [INFO]   Озвучиваю: Thomas & Friends: Wonders of Sodor выберется из де...
2026-03-06 06:43:45,741 [INFO]   ✓ Сохранено: podcast_8.mp3 (179.4 KB)
2026-03-06 06:43:45,741 [INFO]   Озвучиваю: Анонсирована RUINER 2...
2026-03-06 06:43:46,051 [INFO]   ✓ Сохранено: podcast_9.mp3 (39.4 KB)
2026-03-06 06:43:46,051 [INFO]   Озвучиваю: Хоррор The Occultist про загадочное исчезновение о...
2026-03-06 06:43:47,766 [INFO]   ✓ Сохранено: podcast_10.mp3 (335.4 KB)
2026-03-06 06:43:47,766 [INFO]   Озвучиваю: Romeo is a Dead Man: Обзор одной из лучших игр Гои...
2026-03-06 06:43:51,320 [INFO]   ✓ Сохранено: podcast_11.mp3 (393.2 KB)
2026-03-06 06:43:51,321 [INFO]   Озвучиваю: Disciples: Domination: Обзор второй части неоднозн...
2026-03-06 06:43:54,675 [INFO]   ✓ Сохранено: podcast_12.mp3 (403.7 KB)
2026-03-06 06:43:54,675 [INFO]   Озвучиваю: REANIMAL: Обзор долгожданной духовной наследницы L...
2026-03-06 06:43:56,470 [INFO]   ✓ Сохранено: podcast_13.mp3 (278.6 KB)
2026-03-06 06:43:56,471 [INFO]   Озвучиваю: Crisol: Theater of Idols: Обзор экшен-хоррора про ...
2026-03-06 06:43:59,415 [INFO]   ✓ Сохранено: podcast_14.mp3 (390.0 KB)
2026-03-06 06:43:59,416 [INFO]   Озвучиваю: Neverness to Everness: Превью игры, которую ждут м...
2026-03-06 06:44:02,881 [INFO]   ✓ Сохранено: podcast_15.mp3 (395.6 KB)
2026-03-06 06:44:02,882 [INFO] podcasts.json обновлён
2026-03-06 06:44:02,882 [INFO] 
==================================================
2026-03-06 06:44:02,882 [INFO] ИТОГО: 15 озвучено, 0 ошибок
2026-03-06 06:44:02,882 [INFO] ==================================================
2026-03-07 06:37:37,680 [INFO] ==================================================
2026-03-07 06:37:37,680 [INFO] GameNews TTS — Генерация аудио
2026-03-07 06:37:37,680 [INFO] ==================================================
2026-03-07 06:37:37,681 [INFO] Загружено 15 подкастов из /home/runner/work/GameNews/GameNews/podcasts.json
2026-03-07 06:37:37,681 [INFO]   Озвучиваю: Новые владельцы EVO заявили о расширении, анонсиро...
2026-03-07 06:37:38,490 [INFO]   ✓ Сохранено: podcast_1.mp3 (168.8 KB)
2026-03-07 06:37:38,490 [INFO]   Озвучиваю: EVO теперь полностью принадлежит саудовскому фонду...
2026-03-07 06:37:39,833 [INFO]   ✓ Сохранено: podcast_2.mp3 (231.4 KB)
2026-03-07 06:37:39,833 [INFO]   Озвучиваю: Мошенницу-киберспортсменку Tokyogurl и ее сообщник...
2026-03-07 06:37:40,723 [INFO]   ✓ Сохранено: podcast_3.mp3 (177.6 KB)
2026-03-07 06:37:40,723 [INFO]   Озвучиваю: «Московский Киберспорт» возвращается со 140 турнир...
2026-03-07 06:37:41,404 [INFO]   ✓ Сохранено: podcast_4.mp3 (143.4 KB)
2026-03-07 06:37:41,404 [INFO]   Озвучиваю: Virtus.prо словили "технарь" на турнире по CS2 из-...
2026-03-07 06:37:42,220 [INFO]   ✓ Сохранено: podcast_5.mp3 (201.4 KB)
2026-03-07 06:37:42,221 [INFO]   Озвучиваю: Diablo IV: подробнее о Чернокнижнике и 12-м сезоне...
2026-03-07 06:37:44,419 [INFO]   ✓ Сохранено: podcast_6.mp3 (305.4 KB)
2026-03-07 06:37:44,419 [INFO]   Озвучиваю: Брутальная гонка TRAIL OUT домчалась до PS5...
2026-03-07 06:37:45,403 [INFO]   ✓ Сохранено: podcast_7.mp3 (194.8 KB)
2026-03-07 06:37:45,404 [INFO]   Озвучиваю: Актёр, озвучивший Леона, объяснил, почему Capcom в...
2026-03-07 06:37:47,340 [INFO]   ✓ Сохранено: podcast_8.mp3 (267.6 KB)
2026-03-07 06:37:47,340 [INFO]   Озвучиваю: Художницу Ферн Хук указали в титрах Marathon после...
2026-03-07 06:37:48,411 [INFO]   ✓ Сохранено: podcast_9.mp3 (195.6 KB)
2026-03-07 06:37:48,412 [INFO]   Озвучиваю: Helldivers 2 избавится от «тяжёлой» версии на ПК у...
2026-03-07 06:37:50,021 [INFO]   ✓ Сохранено: podcast_10.mp3 (265.5 KB)
2026-03-07 06:37:50,021 [INFO]   Озвучиваю: Romeo is a Dead Man: Обзор одной из лучших игр Гои...
2026-03-07 06:37:52,785 [INFO]   ✓ Сохранено: podcast_11.mp3 (393.2 KB)
2026-03-07 06:37:52,786 [INFO]   Озвучиваю: Disciples: Domination: Обзор второй части неоднозн...
2026-03-07 06:37:55,580 [INFO]   ✓ Сохранено: podcast_12.mp3 (403.5 KB)
2026-03-07 06:37:55,580 [INFO]   Озвучиваю: REANIMAL: Обзор долгожданной духовной наследницы L...
2026-03-07 06:37:57,238 [INFO]   ✓ Сохранено: podcast_13.mp3 (278.6 KB)
2026-03-07 06:37:57,238 [INFO]   Озвучиваю: Crisol: Theater of Idols: Обзор экшен-хоррора про ...
2026-03-07 06:37:59,612 [INFO]   ✓ Сохранено: podcast_14.mp3 (390.0 KB)
2026-03-07 06:37:59,612 [INFO]   Озвучиваю: Neverness to Everness: Превью игры, которую ждут м...
2026-03-07 06:38:02,214 [INFO]   ✓ Сохранено: podcast_15.mp3 (395.6 KB)
2026-03-07 06:38:02,215 [INFO] podcasts.json обновлён
2026-03-07 06:38:02,215 [INFO] 
==================================================
2026-03-07 06:38:02,215 [INFO] ИТОГО: 15 озвучено, 0 ошибок
2026-03-07 06:38:02,215 [INFO] ==================================================
2026-03-08 06:39:45,858 [INFO] ==================================================
2026-03-08 06:39:45,858 [INFO] GameNews TTS — Генерация аудио
2026-03-08 06:39:45,858 [INFO] ==================================================
2026-03-08 06:39:45,858 [INFO] Загружено 15 подкастов из /home/runner/work/GameNews/GameNews/podcasts.json
2026-03-08 06:39:45,859 [INFO]   Озвучиваю: Новые владельцы EVO заявили о расширении, анонсиро...
2026-03-08 06:39:46,783 [INFO]   ✓ Сохранено: podcast_1.mp3 (168.8 KB)
2026-03-08 06:39:46,783 [INFO]   Озвучиваю: EVO теперь полностью принадлежит саудовскому фонду...
2026-03-08 06:39:48,405 [INFO]   ✓ Сохранено: podcast_2.mp3 (231.4 KB)
2026-03-08 06:39:48,405 [INFO]   Озвучиваю: Мошенницу-киберспортсменку Tokyogurl и ее сообщник...
2026-03-08 06:39:49,409 [INFO]   ✓ Сохранено: podcast_3.mp3 (177.6 KB)
2026-03-08 06:39:49,409 [INFO]   Озвучиваю: «Московский Киберспорт» возвращается со 140 турнир...
2026-03-08 06:39:50,137 [INFO]   ✓ Сохранено: podcast_4.mp3 (143.4 KB)
2026-03-08 06:39:50,137 [INFO]   Озвучиваю: Virtus.prо словили "технарь" на турнире по CS2 из-...
2026-03-08 06:39:50,980 [INFO]   ✓ Сохранено: podcast_5.mp3 (201.4 KB)
2026-03-08 06:39:50,980 [INFO]   Озвучиваю: В Fortnite ожидается ещё одна коллаборация с Cyber...
2026-03-08 06:39:52,106 [INFO]   ✓ Сохранено: podcast_6.mp3 (156.9 KB)
2026-03-08 06:39:52,106 [INFO]   Озвучиваю: 10 марта Nintendo проведёт ещё одну презентацию «Г...
2026-03-08 06:39:53,265 [INFO]   ✓ Сохранено: podcast_7.mp3 (226.5 KB)
2026-03-08 06:39:53,266 [INFO]   Озвучиваю: Утечка — авторы RoboCop: Rogue City трудятся над и...
2026-03-08 06:39:55,440 [INFO]   ✓ Сохранено: podcast_8.mp3 (253.1 KB)
2026-03-08 06:39:55,440 [INFO]   Озвучиваю: South of Midnight доберётся до PS5 и Switch 2 уже ...
2026-03-08 06:39:55,994 [INFO]   ✓ Сохранено: podcast_9.mp3 (107.8 KB)
2026-03-08 06:39:55,994 [INFO]   Озвучиваю: Nintendo подала в суд на США...
2026-03-08 06:39:57,763 [INFO]   ✓ Сохранено: podcast_10.mp3 (278.6 KB)
2026-03-08 06:39:57,763 [INFO]   Озвучиваю: Resident Evil Requiem: Обзор двух Resident Evil в ...
2026-03-08 06:40:00,065 [INFO]   ✓ Сохранено: podcast_11.mp3 (326.2 KB)
2026-03-08 06:40:00,066 [INFO]   Озвучиваю: Romeo is a Dead Man: Обзор одной из лучших игр Гои...
2026-03-08 06:40:03,382 [INFO]   ✓ Сохранено: podcast_12.mp3 (393.2 KB)
2026-03-08 06:40:03,383 [INFO]   Озвучиваю: Disciples: Domination: Обзор второй части неоднозн...
2026-03-08 06:40:06,569 [INFO]   ✓ Сохранено: podcast_13.mp3 (403.5 KB)
2026-03-08 06:40:06,569 [INFO]   Озвучиваю: REANIMAL: Обзор долгожданной духовной наследницы L...
2026-03-08 06:40:08,177 [INFO]   ✓ Сохранено: podcast_14.mp3 (278.6 KB)
2026-03-08 06:40:08,177 [INFO]   Озвучиваю: Crisol: Theater of Idols: Обзор экшен-хоррора про ...
2026-03-08 06:40:10,805 [INFO]   ✓ Сохранено: podcast_15.mp3 (390.0 KB)
2026-03-08 06:40:10,805 [INFO] podcasts.json обновлён
2026-03-08 06:40:10,805 [INFO] 
==================================================
2026-03-08 06:40:10,805 [INFO] ИТОГО: 15 озвучено, 0 ошибок
2026-03-08 06:40:10,805 [INFO] ==================================================
2026-03-09 06:59:09,454 [INFO] ==================================================
2026-03-09 06:59:09,454 [INFO] GameNews TTS — Генерация аудио
2026-03-09 06:59:09,454 [INFO] ==================================================
2026-03-09 06:59:09,454 [INFO] Загружено 15 подкастов из /home/runner/work/GameNews/GameNews/podcasts.json
2026-03-09 06:59:09,454 [INFO]   Озвучиваю: Новые владельцы EVO заявили о расширении, анонсиро...
2026-03-09 06:59:10,382 [INFO]   ✓ Сохранено: podcast_1.mp3 (168.8 KB)
2026-03-09 06:59:10,382 [INFO]   Озвучиваю: EVO теперь полностью принадлежит саудовскому фонду...
2026-03-09 06:59:11,840 [INFO]   ✓ Сохранено: podcast_2.mp3 (231.4 KB)
2026-03-09 06:59:11,841 [INFO]   Озвучиваю: Мошенницу-киберспортсменку Tokyogurl и ее сообщник...
2026-03-09 06:59:12,732 [INFO]   ✓ Сохранено: podcast_3.mp3 (177.6 KB)
2026-03-09 06:59:12,732 [INFO]   Озвучиваю: «Московский Киберспорт» возвращается со 140 турнир...
2026-03-09 06:59:13,497 [INFO]   ✓ Сохранено: podcast_4.mp3 (143.4 KB)
2026-03-09 06:59:13,497 [INFO]   Озвучиваю: Virtus.prо словили "технарь" на турнире по CS2 из-...
2026-03-09 06:59:14,259 [INFO]   ✓ Сохранено: podcast_5.mp3 (201.4 KB)
2026-03-09 06:59:14,260 [INFO]   Озвучиваю: В Fortnite ожидается ещё одна коллаборация с Cyber...
2026-03-09 06:59:15,359 [INFO]   ✓ Сохранено: podcast_6.mp3 (156.9 KB)
2026-03-09 06:59:15,359 [INFO]   Озвучиваю: 10 марта Nintendo проведёт ещё одну презентацию «Г...
2026-03-09 06:59:16,523 [INFO]   ✓ Сохранено: podcast_7.mp3 (226.5 KB)
2026-03-09 06:59:16,523 [INFO]   Озвучиваю: Утечка — авторы RoboCop: Rogue City трудятся над и...
2026-03-09 06:59:18,655 [INFO]   ✓ Сохранено: podcast_8.mp3 (253.1 KB)
2026-03-09 06:59:18,655 [INFO]   Озвучиваю: South of Midnight доберётся до PS5 и Switch 2 уже ...
2026-03-09 06:59:19,251 [INFO]   ✓ Сохранено: podcast_9.mp3 (107.8 KB)
2026-03-09 06:59:19,251 [INFO]   Озвучиваю: Nintendo подала в суд на США...
2026-03-09 06:59:21,052 [INFO]   ✓ Сохранено: podcast_10.mp3 (278.6 KB)
2026-03-09 06:59:21,052 [INFO]   Озвучиваю: Resident Evil Requiem: Обзор двух Resident Evil в ...
2026-03-09 06:59:23,244 [INFO]   ✓ Сохранено: podcast_11.mp3 (326.2 KB)
2026-03-09 06:59:23,244 [INFO]   Озвучиваю: Romeo is a Dead Man: Обзор одной из лучших игр Гои...
2026-03-09 06:59:26,515 [INFO]   ✓ Сохранено: podcast_12.mp3 (393.2 KB)
2026-03-09 06:59:26,515 [INFO]   Озвучиваю: Disciples: Domination: Обзор второй части неоднозн...
2026-03-09 06:59:29,720 [INFO]   ✓ Сохранено: podcast_13.mp3 (403.5 KB)
2026-03-09 06:59:29,720 [INFO]   Озвучиваю: REANIMAL: Обзор долгожданной духовной наследницы L...
2026-03-09 06:59:31,449 [INFO]   ✓ Сохранено: podcast_14.mp3 (278.6 KB)
2026-03-09 06:59:31,450 [INFO]   Озвучиваю: Crisol: Theater of Idols: Обзор экшен-хоррора про ...
2026-03-09 06:59:34,129 [INFO]   ✓ Сохранено: podcast_15.mp3 (390.0 KB)
2026-03-09 06:59:34,129 [INFO] podcasts.json обновлён
2026-03-09 06:59:34,129 [INFO] 
==================================================
2026-03-09 06:59:34,130 [INFO] ИТОГО: 15 озвучено, 0 ошибок
2026-03-09 06:59:34,130 [INFO] ==================================================
2026-03-10 06:44:50,355 [INFO] ==================================================
2026-03-10 06:44:50,355 [INFO] GameNews TTS — Генерация аудио
2026-03-10 06:44:50,355 [INFO] ==================================================
2026-03-10 06:44:50,355 [INFO] Загружено 15 подкастов из /home/runner/work/GameNews/GameNews/podcasts.json
2026-03-10 06:44:50,356 [INFO]   Озвучиваю: Новые владельцы EVO заявили о расширении, анонсиро...
2026-03-10 06:44:51,198 [INFO]   ✓ Сохранено: podcast_1.mp3 (168.8 KB)
2026-03-10 06:44:51,198 [INFO]   Озвучиваю: EVO теперь полностью принадлежит саудовскому фонду...
2026-03-10 06:44:52,470 [INFO]   ✓ Сохранено: podcast_2.mp3 (231.2 KB)
2026-03-10 06:44:52,470 [INFO]   Озвучиваю: Мошенницу-киберспортсменку Tokyogurl и ее сообщник...
2026-03-10 06:44:53,330 [INFO]   ✓ Сохранено: podcast_3.mp3 (177.6 KB)
2026-03-10 06:44:53,330 [INFO]   Озвучиваю: «Московский Киберспорт» возвращается со 140 турнир...
2026-03-10 06:44:54,016 [INFO]   ✓ Сохранено: podcast_4.mp3 (143.4 KB)
2026-03-10 06:44:54,016 [INFO]   Озвучиваю: Virtus.prо словили "технарь" на турнире по CS2 из-...
2026-03-10 06:44:54,783 [INFO]   ✓ Сохранено: podcast_5.mp3 (201.4 KB)
2026-03-10 06:44:54,783 [INFO]   Озвучиваю: Тираж Metal Gear Solid Delta: Snake Eater составил...
2026-03-10 06:44:55,691 [INFO]   ✓ Сохранено: podcast_6.mp3 (174.0 KB)
2026-03-10 06:44:55,692 [INFO]   Озвучиваю: Переиздание шутера SiN выйдет в 2026 году...
2026-03-10 06:44:56,942 [INFO]   ✓ Сохранено: podcast_7.mp3 (198.4 KB)
2026-03-10 06:44:56,942 [INFO]   Озвучиваю: В Steam стартовал фестиваль башенной защиты...
2026-03-10 06:44:57,537 [INFO]   ✓ Сохранено: podcast_8.mp3 (125.2 KB)
2026-03-10 06:44:57,537 [INFO]   Озвучиваю: Отличный геймплей и слабый сюжет — журналисты оцен...
2026-03-10 06:44:59,007 [INFO]   ✓ Сохранено: podcast_9.mp3 (259.3 KB)
2026-03-10 06:44:59,007 [INFO]   Озвучиваю: Беспощадная расправа над нацистами в сюжетном трей...
2026-03-10 06:44:59,624 [INFO]   ✓ Сохранено: podcast_10.mp3 (79.9 KB)
2026-03-10 06:44:59,624 [INFO]   Озвучиваю: Resident Evil Requiem: Обзор двух Resident Evil в ...
2026-03-10 06:45:01,705 [INFO]   ✓ Сохранено: podcast_11.mp3 (326.1 KB)
2026-03-10 06:45:01,705 [INFO]   Озвучиваю: Romeo is a Dead Man: Обзор одной из лучших игр Гои...
2026-03-10 06:45:04,413 [INFO]   ✓ Сохранено: podcast_12.mp3 (393.2 KB)
2026-03-10 06:45:04,413 [INFO]   Озвучиваю: Disciples: Domination: Обзор второй части неоднозн...
2026-03-10 06:45:07,063 [INFO]   ✓ Сохранено: podcast_13.mp3 (403.5 KB)
2026-03-10 06:45:07,064 [INFO]   Озвучиваю: REANIMAL: Обзор долгожданной духовной наследницы L...
2026-03-10 06:45:08,531 [INFO]   ✓ Сохранено: podcast_14.mp3 (278.6 KB)
2026-03-10 06:45:08,531 [INFO]   Озвучиваю: Crisol: Theater of Idols: Обзор экшен-хоррора про ...
2026-03-10 06:45:10,880 [INFO]   ✓ Сохранено: podcast_15.mp3 (390.0 KB)
2026-03-10 06:45:10,880 [INFO] podcasts.json обновлён
2026-03-10 06:45:10,880 [INFO] 
==================================================
2026-03-10 06:45:10,881 [INFO] ИТОГО: 15 озвучено, 0 ошибок
2026-03-10 06:45:10,881 [INFO] ==================================================
2026-03-11 06:51:00,631 [INFO] ==================================================
2026-03-11 06:51:00,631 [INFO] GameNews TTS — Генерация аудио
2026-03-11 06:51:00,632 [INFO] ==================================================
2026-03-11 06:51:00,632 [INFO] Загружено 15 подкастов из /home/runner/work/GameNews/GameNews/podcasts.json
2026-03-11 06:51:00,632 [INFO]   Озвучиваю: Новые владельцы EVO заявили о расширении, анонсиро...
2026-03-11 06:51:01,980 [INFO]   ✓ Сохранено: podcast_1.mp3 (168.8 KB)
2026-03-11 06:51:01,981 [INFO]   Озвучиваю: EVO теперь полностью принадлежит саудовскому фонду...
2026-03-11 06:51:03,973 [INFO]   ✓ Сохранено: podcast_2.mp3 (231.4 KB)
2026-03-11 06:51:03,973 [INFO]   Озвучиваю: Мошенницу-киберспортсменку Tokyogurl и ее сообщник...
2026-03-11 06:51:05,214 [INFO]   ✓ Сохранено: podcast_3.mp3 (177.6 KB)
2026-03-11 06:51:05,214 [INFO]   Озвучиваю: «Московский Киберспорт» возвращается со 140 турнир...
2026-03-11 06:51:06,148 [INFO]   ✓ Сохранено: podcast_4.mp3 (143.4 KB)
2026-03-11 06:51:06,148 [INFO]   Озвучиваю: Virtus.prо словили "технарь" на турнире по CS2 из-...
2026-03-11 06:51:07,218 [INFO]   ✓ Сохранено: podcast_5.mp3 (201.4 KB)
2026-03-11 06:51:07,218 [INFO]   Озвучиваю: В Сети нашли игрушки по Fallout 3 Remastered...
2026-03-11 06:51:09,128 [INFO]   ✓ Сохранено: podcast_6.mp3 (218.6 KB)
2026-03-11 06:51:09,128 [INFO]   Озвучиваю: 26 марта The Boys: Trigger Warning выйдет на Quest...
2026-03-11 06:51:11,674 [INFO]   ✓ Сохранено: podcast_7.mp3 (251.8 KB)
2026-03-11 06:51:11,675 [INFO]   Озвучиваю: Crimson Desert: системные требования на ПК и режим...
2026-03-11 06:51:13,050 [INFO]   ✓ Сохранено: podcast_8.mp3 (168.9 KB)
2026-03-11 06:51:13,051 [INFO]   Озвучиваю: Экшен про паркур по мегаструктуре MOTORSLICE увиди...
2026-03-11 06:51:13,617 [INFO]   ✓ Сохранено: podcast_9.mp3 (72.2 KB)
2026-03-11 06:51:13,618 [INFO]   Озвучиваю: Приключение по книжным страницам в Yoshi and the M...
2026-03-11 06:51:14,789 [INFO]   ✓ Сохранено: podcast_10.mp3 (153.0 KB)
2026-03-11 06:51:14,790 [INFO]   Озвучиваю: Resident Evil Requiem: Обзор двух Resident Evil в ...
2026-03-11 06:51:17,677 [INFO]   ✓ Сохранено: podcast_11.mp3 (326.1 KB)
2026-03-11 06:51:17,677 [INFO]   Озвучиваю: Romeo is a Dead Man: Обзор одной из лучших игр Гои...
2026-03-11 06:51:21,865 [INFO]   ✓ Сохранено: podcast_12.mp3 (393.2 KB)
2026-03-11 06:51:21,866 [INFO]   Озвучиваю: Disciples: Domination: Обзор второй части неоднозн...
2026-03-11 06:51:25,868 [INFO]   ✓ Сохранено: podcast_13.mp3 (403.5 KB)
2026-03-11 06:51:25,868 [INFO]   Озвучиваю: REANIMAL: Обзор долгожданной духовной наследницы L...
2026-03-11 06:51:28,060 [INFO]   ✓ Сохранено: podcast_14.mp3 (278.6 KB)
2026-03-11 06:51:28,060 [INFO]   Озвучиваю: Crisol: Theater of Idols: Обзор экшен-хоррора про ...
2026-03-11 06:51:31,495 [INFO]   ✓ Сохранено: podcast_15.mp3 (390.0 KB)
2026-03-11 06:51:31,495 [INFO] podcasts.json обновлён
2026-03-11 06:51:31,495 [INFO] 
==================================================
2026-03-11 06:51:31,495 [INFO] ИТОГО: 15 озвучено, 0 ошибок
2026-03-11 06:51:31,495 [INFO] ==================================================
2026-03-12 06:52:41,633 [INFO] ==================================================
2026-03-12 06:52:41,633 [INFO] GameNews TTS — Генерация аудио
2026-03-12 06:52:41,633 [INFO] ==================================================
2026-03-12 06:52:41,634 [INFO] Загружено 15 подкастов из /home/runner/work/GameNews/GameNews/podcasts.json
2026-03-12 06:52:41,634 [INFO]   Озвучиваю: Team Yandex выходит в мобильный киберспорт: создан...
2026-03-12 06:52:43,280 [INFO]   ✓ Сохранено: podcast_1.mp3 (175.5 KB)
2026-03-12 06:52:43,280 [INFO]   Озвучиваю: Новые владельцы EVO заявили о расширении, анонсиро...
2026-03-12 06:52:44,228 [INFO]   ✓ Сохранено: podcast_2.mp3 (168.8 KB)
2026-03-12 06:52:44,228 [INFO]   Озвучиваю: EVO теперь полностью принадлежит саудовскому фонду...
2026-03-12 06:52:45,708 [INFO]   ✓ Сохранено: podcast_3.mp3 (231.2 KB)
2026-03-12 06:52:45,708 [INFO]   Озвучиваю: Мошенницу-киберспортсменку Tokyogurl и ее сообщник...
2026-03-12 06:52:46,675 [INFO]   ✓ Сохранено: podcast_4.mp3 (177.6 KB)
2026-03-12 06:52:46,675 [INFO]   Озвучиваю: «Московский Киберспорт» возвращается со 140 турнир...
2026-03-12 06:52:47,378 [INFO]   ✓ Сохранено: podcast_5.mp3 (143.4 KB)
2026-03-12 06:52:47,378 [INFO]   Озвучиваю: Кастомный чип от AMD и продвинутая версия FSR — по...
2026-03-12 06:52:48,952 [INFO]   ✓ Сохранено: podcast_6.mp3 (273.8 KB)
2026-03-12 06:52:48,953 [INFO]   Озвучиваю: The Legend of California — шутер в сеттинге калифо...
2026-03-12 06:52:49,567 [INFO]   ✓ Сохранено: podcast_7.mp3 (84.6 KB)
2026-03-12 06:52:49,568 [INFO]   Озвучиваю: Анонс Harvest Moon: Echoes of Teradea...
2026-03-12 06:52:50,605 [INFO]   ✓ Сохранено: podcast_8.mp3 (117.4 KB)
2026-03-12 06:52:50,605 [INFO]   Озвучиваю: Moonlighter 2 получила первый крупный апдейт после...
2026-03-12 06:52:51,718 [INFO]   ✓ Сохранено: podcast_9.mp3 (231.9 KB)
2026-03-12 06:52:51,718 [INFO]   Озвучиваю: Хидэки Камия настолько боится Resident Evil Requie...
2026-03-12 06:52:53,259 [INFO]   ✓ Сохранено: podcast_10.mp3 (214.7 KB)
2026-03-12 06:52:53,260 [INFO]   Озвучиваю: Resident Evil Requiem: Обзор двух Resident Evil в ...
2026-03-12 06:52:55,452 [INFO]   ✓ Сохранено: podcast_11.mp3 (326.2 KB)
2026-03-12 06:52:55,453 [INFO]   Озвучиваю: Romeo is a Dead Man: Обзор одной из лучших игр Гои...
2026-03-12 06:52:58,730 [INFO]   ✓ Сохранено: podcast_12.mp3 (393.2 KB)
2026-03-12 06:52:58,731 [INFO]   Озвучиваю: Disciples: Domination: Обзор второй части неоднозн...
2026-03-12 06:53:01,846 [INFO]   ✓ Сохранено: podcast_13.mp3 (403.5 KB)
2026-03-12 06:53:01,846 [INFO]   Озвучиваю: REANIMAL: Обзор долгожданной духовной наследницы L...
2026-03-12 06:53:03,575 [INFO]   ✓ Сохранено: podcast_14.mp3 (278.6 KB)
2026-03-12 06:53:03,575 [INFO]   Озвучиваю: Crisol: Theater of Idols: Обзор экшен-хоррора про ...
2026-03-12 06:53:06,238 [INFO]   ✓ Сохранено: podcast_15.mp3 (390.0 KB)
2026-03-12 06:53:06,239 [INFO] podcasts.json обновлён
2026-03-12 06:53:06,239 [INFO] 
==================================================
2026-03-12 06:53:06,239 [INFO] ИТОГО: 15 озвучено, 0 ошибок
2026-03-12 06:53:06,239 [INFO] ==================================================
2026-03-13 06:50:51,253 [INFO] ==================================================
2026-03-13 06:50:51,253 [INFO] GameNews TTS — Генерация аудио
2026-03-13 06:50:51,253 [INFO] ==================================================
2026-03-13 06:50:51,254 [INFO] Загружено 15 подкастов из /home/runner/work/GameNews/GameNews/podcasts.json
2026-03-13 06:50:51,254 [INFO]   Озвучиваю: Team Yandex выходит в мобильный киберспорт: создан...
2026-03-13 06:50:53,368 [INFO]   ✓ Сохранено: podcast_1.mp3 (175.5 KB)
2026-03-13 06:50:53,369 [INFO]   Озвучиваю: Новые владельцы EVO заявили о расширении, анонсиро...
2026-03-13 06:50:54,604 [INFO]   ✓ Сохранено: podcast_2.mp3 (168.8 KB)
2026-03-13 06:50:54,605 [INFO]   Озвучиваю: EVO теперь полностью принадлежит саудовскому фонду...
2026-03-13 06:50:56,695 [INFO]   ✓ Сохранено: podcast_3.mp3 (231.4 KB)
2026-03-13 06:50:56,695 [INFO]   Озвучиваю: Мошенницу-киберспортсменку Tokyogurl и ее сообщник...
2026-03-13 06:50:57,901 [INFO]   ✓ Сохранено: podcast_4.mp3 (177.6 KB)
2026-03-13 06:50:57,902 [INFO]   Озвучиваю: «Московский Киберспорт» возвращается со 140 турнир...
2026-03-13 06:50:58,695 [INFO]   ✓ Сохранено: podcast_5.mp3 (143.4 KB)
2026-03-13 06:50:58,696 [INFO]   Озвучиваю: 26 марта выйдет первое сюжетное DLC для Borderland...
2026-03-13 06:50:59,942 [INFO]   ✓ Сохранено: podcast_6.mp3 (186.0 KB)
2026-03-13 06:50:59,942 [INFO]   Озвучиваю: Titanium Court взяла главный приз на IGF Awards 20...
2026-03-13 06:51:01,618 [INFO]   ✓ Сохранено: podcast_7.mp3 (208.7 KB)
2026-03-13 06:51:01,618 [INFO]   Озвучиваю: Clair Obscur: Expedition 33 — лидер по числу номин...
2026-03-13 06:51:03,679 [INFO]   ✓ Сохранено: podcast_8.mp3 (240.9 KB)
2026-03-13 06:51:03,680 [INFO]   Озвучиваю: Сокобан про уборку токсичных отходов Hazard Pay ст...
2026-03-13 06:51:04,888 [INFO]   ✓ Сохранено: podcast_9.mp3 (159.2 KB)
2026-03-13 06:51:04,888 [INFO]   Озвучиваю: Аналитики: ПК обгонит консоли к 2028 году...
2026-03-13 06:51:06,221 [INFO]   ✓ Сохранено: podcast_10.mp3 (156.9 KB)
2026-03-13 06:51:06,221 [INFO]   Озвучиваю: Resident Evil Requiem: Обзор двух Resident Evil в ...
2026-03-13 06:51:08,929 [INFO]   ✓ Сохранено: podcast_11.mp3 (326.2 KB)
2026-03-13 06:51:08,929 [INFO]   Озвучиваю: Romeo is a Dead Man: Обзор одной из лучших игр Гои...
2026-03-13 06:51:12,737 [INFO]   ✓ Сохранено: podcast_12.mp3 (393.2 KB)
2026-03-13 06:51:12,737 [INFO]   Озвучиваю: Disciples: Domination: Обзор второй части неоднозн...
2026-03-13 06:51:16,321 [INFO]   ✓ Сохранено: podcast_13.mp3 (403.5 KB)
2026-03-13 06:51:16,321 [INFO]   Озвучиваю: REANIMAL: Обзор долгожданной духовной наследницы L...
2026-03-13 06:51:18,235 [INFO]   ✓ Сохранено: podcast_14.mp3 (278.6 KB)
2026-03-13 06:51:18,235 [INFO]   Озвучиваю: Crisol: Theater of Idols: Обзор экшен-хоррора про ...
2026-03-13 06:51:21,298 [INFO]   ✓ Сохранено: podcast_15.mp3 (390.0 KB)
2026-03-13 06:51:21,298 [INFO] podcasts.json обновлён
2026-03-13 06:51:21,298 [INFO] 
==================================================
2026-03-13 06:51:21,299 [INFO] ИТОГО: 15 озвучено, 0 ошибок
2026-03-13 06:51:21,299 [INFO] ==================================================
2026-03-14 06:42:52,399 [INFO] ==================================================
2026-03-14 06:42:52,399 [INFO] GameNews TTS — Генерация аудио
2026-03-14 06:42:52,399 [INFO] ==================================================
2026-03-14 06:42:52,400 [INFO] Загружено 15 подкастов из /home/runner/work/GameNews/GameNews/podcasts.json
2026-03-14 06:42:52,400 [INFO]   Озвучиваю: Team Yandex выходит в мобильный киберспорт: создан...
2026-03-14 06:42:53,856 [INFO]   ✓ Сохранено: podcast_1.mp3 (175.5 KB)
2026-03-14 06:42:53,857 [INFO]   Озвучиваю: Новые владельцы EVO заявили о расширении, анонсиро...
2026-03-14 06:42:54,782 [INFO]   ✓ Сохранено: podcast_2.mp3 (168.8 KB)
2026-03-14 06:42:54,782 [INFO]   Озвучиваю: EVO теперь полностью принадлежит саудовскому фонду...
2026-03-14 06:42:56,290 [INFO]   ✓ Сохранено: podcast_3.mp3 (231.4 KB)
2026-03-14 06:42:56,290 [INFO]   Озвучиваю: Мошенницу-киберспортсменку Tokyogurl и ее сообщник...
2026-03-14 06:42:57,117 [INFO]   ✓ Сохранено: podcast_4.mp3 (177.6 KB)
2026-03-14 06:42:57,118 [INFO]   Озвучиваю: «Московский Киберспорт» возвращается со 140 турнир...
2026-03-14 06:42:57,788 [INFO]   ✓ Сохранено: podcast_5.mp3 (143.4 KB)
2026-03-14 06:42:57,788 [INFO]   Озвучиваю: Slay the Spire 2 купили 3 миллиона раз...
2026-03-14 06:42:59,127 [INFO]   ✓ Сохранено: podcast_6.mp3 (195.0 KB)
2026-03-14 06:42:59,128 [INFO]   Озвучиваю: Alan Wake II и Control получат поддержку PSSR 2...
2026-03-14 06:43:00,082 [INFO]   ✓ Сохранено: podcast_7.mp3 (153.0 KB)
2026-03-14 06:43:00,082 [INFO]   Озвучиваю: Руководитель Supergiant Games рассказал, почему ст...
2026-03-14 06:43:01,656 [INFO]   ✓ Сохранено: podcast_8.mp3 (214.3 KB)
2026-03-14 06:43:01,656 [INFO]   Озвучиваю: Лебедь, рак и щука — продюсер ARC Raiders о хаосе ...
2026-03-14 06:43:03,550 [INFO]   ✓ Сохранено: podcast_9.mp3 (261.6 KB)
2026-03-14 06:43:03,551 [INFO]   Озвучиваю: Sony боится не Microsoft, а Valve — считает бывший...
2026-03-14 06:43:05,043 [INFO]   ✓ Сохранено: podcast_10.mp3 (203.4 KB)
2026-03-14 06:43:05,044 [INFO]   Озвучиваю: Slay the Spire 2: Превью самого ожидаемого карточн...
2026-03-14 06:43:07,679 [INFO]   ✓ Сохранено: podcast_11.mp3 (392.1 KB)
2026-03-14 06:43:07,679 [INFO]   Озвучиваю: Resident Evil Requiem: Обзор двух Resident Evil в ...
2026-03-14 06:43:09,864 [INFO]   ✓ Сохранено: podcast_12.mp3 (326.1 KB)
2026-03-14 06:43:09,864 [INFO]   Озвучиваю: Romeo is a Dead Man: Обзор одной из лучших игр Гои...
2026-03-14 06:43:13,003 [INFO]   ✓ Сохранено: podcast_13.mp3 (393.2 KB)
2026-03-14 06:43:13,004 [INFO]   Озвучиваю: Disciples: Domination: Обзор второй части неоднозн...
2026-03-14 06:43:16,002 [INFO]   ✓ Сохранено: podcast_14.mp3 (403.5 KB)
2026-03-14 06:43:16,003 [INFO]   Озвучиваю: REANIMAL: Обзор долгожданной духовной наследницы L...
2026-03-14 06:43:17,683 [INFO]   ✓ Сохранено: podcast_15.mp3 (278.6 KB)
2026-03-14 06:43:17,683 [INFO] podcasts.json обновлён
2026-03-14 06:43:17,683 [INFO] 
==================================================
2026-03-14 06:43:17,683 [INFO] ИТОГО: 15 озвучено, 0 ошибок
2026-03-14 06:43:17,683 [INFO] ==================================================
