2026-02-17 12:14:51,762 [INFO] ==================================================
2026-02-17 12:14:51,762 [INFO] GameNews RSS — Начало сбора новостей
2026-02-17 12:14:51,762 [INFO] ==================================================
2026-02-17 12:14:51,762 [INFO] 
--- Категория: Турниры ---
2026-02-17 12:14:51,763 [INFO] Загружаю RSS: Cyber.Sports.ru (https://cyber.sports.ru/rss/main.xml)
2026-02-17 12:14:53,809 [WARNING] Ошибка парсинга Cyber.Sports.ru: <unknown>:7:36: not well-formed (invalid token)
2026-02-17 12:14:53,809 [INFO] Загружаю RSS: GoHa.ru - Киберспорт (https://www.goha.ru/rss/:Киберспорт)
2026-02-17 12:14:54,321 [INFO]   → GoHa.ru - Киберспорт: получено 10 новостей
2026-02-17 12:14:54,321 [INFO]   Итого Турниры: 5 новостей
2026-02-17 12:14:54,321 [INFO] 
--- Категория: Релизы ---
2026-02-17 12:14:54,321 [INFO] Загружаю RSS: StopGame - Новости (https://rss.stopgame.ru/rss_news.xml)
2026-02-17 12:14:55,138 [INFO]   → StopGame - Новости: получено 10 новостей
2026-02-17 12:14:55,139 [INFO] Загружаю RSS: GoHa.ru - Общее (https://www.goha.ru/rss/)
2026-02-17 12:14:55,404 [WARNING] Ошибка парсинга GoHa.ru - Общее: <unknown>:207:2: mismatched tag
2026-02-17 12:14:55,405 [INFO]   Итого Релизы: 5 новостей
2026-02-17 12:14:55,405 [INFO] 
--- Категория: Обзоры ---
2026-02-17 12:14:55,405 [INFO] Загружаю RSS: StopGame - Обзоры (https://rss.stopgame.ru/rss_review.xml)
2026-02-17 12:14:56,140 [INFO]   → StopGame - Обзоры: получено 10 новостей
2026-02-17 12:14:56,141 [INFO] Загружаю RSS: StopGame - Превью (https://rss.stopgame.ru/rss_preview.xml)
2026-02-17 12:14:56,738 [INFO]   → StopGame - Превью: получено 10 новостей
2026-02-17 12:14:56,738 [INFO]   Итого Обзоры: 5 новостей
2026-02-17 12:14:56,738 [INFO] 
==================================================
2026-02-17 12:14:56,738 [INFO] ИТОГО: 15 подкастов собрано
2026-02-17 12:14:56,738 [INFO] ==================================================
2026-02-17 12:14:56,739 [INFO] Сохранено в /home/runner/work/GameNews/GameNews/podcasts.json
2026-02-17 12:14:56,739 [INFO] Тексты для озвучки сохранены в /home/runner/work/GameNews/GameNews/texts/
2026-02-17 12:14:56,739 [INFO] Готово!
2026-02-18 06:59:03,307 [INFO] ==================================================
2026-02-18 06:59:03,307 [INFO] GameNews RSS — Начало сбора новостей
2026-02-18 06:59:03,307 [INFO] ==================================================
2026-02-18 06:59:03,307 [INFO] 
--- Категория: Турниры ---
2026-02-18 06:59:03,307 [INFO] Загружаю RSS: Cyber.Sports.ru (https://cyber.sports.ru/rss/main.xml)
2026-02-18 06:59:06,561 [WARNING] Ошибка парсинга Cyber.Sports.ru: HTTP Error 302: The HTTP server returned a redirect error that would lead to an infinite loop.
The last 30x error message was:
Moved Temporarily
2026-02-18 06:59:06,561 [INFO] Загружаю RSS: GoHa.ru - Киберспорт (https://www.goha.ru/rss/:Киберспорт)
2026-02-18 06:59:07,642 [INFO]   → GoHa.ru - Киберспорт: получено 10 новостей
2026-02-18 06:59:07,643 [INFO]   Итого Турниры: 5 новостей
2026-02-18 06:59:07,643 [INFO] 
--- Категория: Релизы ---
2026-02-18 06:59:07,643 [INFO] Загружаю RSS: StopGame - Новости (https://rss.stopgame.ru/rss_news.xml)
2026-02-18 06:59:08,598 [INFO]   → StopGame - Новости: получено 10 новостей
2026-02-18 06:59:08,599 [INFO] Загружаю RSS: GoHa.ru - Общее (https://www.goha.ru/rss/)
2026-02-18 06:59:08,978 [WARNING] Ошибка парсинга GoHa.ru - Общее: <unknown>:207:2: mismatched tag
2026-02-18 06:59:08,978 [INFO]   Итого Релизы: 5 новостей
2026-02-18 06:59:08,978 [INFO] 
--- Категория: Обзоры ---
2026-02-18 06:59:08,978 [INFO] Загружаю RSS: StopGame - Обзоры (https://rss.stopgame.ru/rss_review.xml)
2026-02-18 06:59:10,093 [INFO]   → StopGame - Обзоры: получено 10 новостей
2026-02-18 06:59:10,093 [INFO] Загружаю RSS: StopGame - Превью (https://rss.stopgame.ru/rss_preview.xml)
2026-02-18 06:59:11,115 [INFO]   → StopGame - Превью: получено 10 новостей
2026-02-18 06:59:11,115 [INFO]   Итого Обзоры: 5 новостей
2026-02-18 06:59:11,116 [INFO] 
==================================================
2026-02-18 06:59:11,116 [INFO] ИТОГО: 15 подкастов собрано
2026-02-18 06:59:11,116 [INFO] ==================================================
2026-02-18 06:59:11,116 [INFO] Сохранено в /home/runner/work/GameNews/GameNews/podcasts.json
2026-02-18 06:59:11,118 [INFO] Тексты для озвучки сохранены в /home/runner/work/GameNews/GameNews/texts/
2026-02-18 06:59:11,118 [INFO] Готово!
2026-02-19 06:57:46,601 [INFO] ==================================================
2026-02-19 06:57:46,601 [INFO] GameNews RSS — Начало сбора новостей
2026-02-19 06:57:46,601 [INFO] ==================================================
2026-02-19 06:57:46,601 [INFO] 
--- Категория: Турниры ---
2026-02-19 06:57:46,601 [INFO] Загружаю RSS: Cyber.Sports.ru (https://cyber.sports.ru/rss/main.xml)
2026-02-19 06:57:50,609 [WARNING] Ошибка парсинга Cyber.Sports.ru: HTTP Error 302: The HTTP server returned a redirect error that would lead to an infinite loop.
The last 30x error message was:
Moved Temporarily
2026-02-19 06:57:50,609 [INFO] Загружаю RSS: GoHa.ru - Киберспорт (https://www.goha.ru/rss/:Киберспорт)
2026-02-19 06:57:51,333 [INFO]   → GoHa.ru - Киберспорт: получено 10 новостей
2026-02-19 06:57:51,334 [INFO]   Итого Турниры: 5 новостей
2026-02-19 06:57:51,334 [INFO] 
--- Категория: Релизы ---
2026-02-19 06:57:51,334 [INFO] Загружаю RSS: StopGame - Новости (https://rss.stopgame.ru/rss_news.xml)
2026-02-19 06:57:52,594 [INFO]   → StopGame - Новости: получено 10 новостей
2026-02-19 06:57:52,594 [INFO] Загружаю RSS: GoHa.ru - Общее (https://www.goha.ru/rss/)
2026-02-19 06:57:53,181 [WARNING] Ошибка парсинга GoHa.ru - Общее: <unknown>:207:2: mismatched tag
2026-02-19 06:57:53,181 [INFO]   Итого Релизы: 5 новостей
2026-02-19 06:57:53,181 [INFO] 
--- Категория: Обзоры ---
2026-02-19 06:57:53,181 [INFO] Загружаю RSS: StopGame - Обзоры (https://rss.stopgame.ru/rss_review.xml)
2026-02-19 06:57:54,670 [INFO]   → StopGame - Обзоры: получено 10 новостей
2026-02-19 06:57:54,670 [INFO] Загружаю RSS: StopGame - Превью (https://rss.stopgame.ru/rss_preview.xml)
2026-02-19 06:57:55,895 [INFO]   → StopGame - Превью: получено 10 новостей
2026-02-19 06:57:55,895 [INFO]   Итого Обзоры: 5 новостей
2026-02-19 06:57:55,895 [INFO] 
==================================================
2026-02-19 06:57:55,895 [INFO] ИТОГО: 15 подкастов собрано
2026-02-19 06:57:55,896 [INFO] ==================================================
2026-02-19 06:57:55,896 [INFO] Сохранено в /home/runner/work/GameNews/GameNews/podcasts.json
2026-02-19 06:57:55,897 [INFO] Тексты для озвучки сохранены в /home/runner/work/GameNews/GameNews/texts/
2026-02-19 06:57:55,897 [INFO] Готово!
2026-02-20 06:53:46,088 [INFO] ==================================================
2026-02-20 06:53:46,088 [INFO] GameNews RSS — Начало сбора новостей
2026-02-20 06:53:46,088 [INFO] ==================================================
2026-02-20 06:53:46,088 [INFO] 
--- Категория: Турниры ---
2026-02-20 06:53:46,088 [INFO] Загружаю RSS: Cyber.Sports.ru (https://cyber.sports.ru/rss/main.xml)
2026-02-20 06:53:48,989 [WARNING] Ошибка парсинга Cyber.Sports.ru: HTTP Error 302: The HTTP server returned a redirect error that would lead to an infinite loop.
The last 30x error message was:
Moved Temporarily
2026-02-20 06:53:48,989 [INFO] Загружаю RSS: GoHa.ru - Киберспорт (https://www.goha.ru/rss/:Киберспорт)
2026-02-20 06:53:49,361 [INFO]   → GoHa.ru - Киберспорт: получено 10 новостей
2026-02-20 06:53:49,362 [INFO]   Итого Турниры: 5 новостей
2026-02-20 06:53:49,362 [INFO] 
--- Категория: Релизы ---
2026-02-20 06:53:49,362 [INFO] Загружаю RSS: StopGame - Новости (https://rss.stopgame.ru/rss_news.xml)
2026-02-20 06:53:50,164 [INFO]   → StopGame - Новости: получено 10 новостей
2026-02-20 06:53:50,164 [INFO] Загружаю RSS: GoHa.ru - Общее (https://www.goha.ru/rss/)
2026-02-20 06:53:50,446 [WARNING] Ошибка парсинга GoHa.ru - Общее: <unknown>:207:2: mismatched tag
2026-02-20 06:53:50,447 [INFO]   Итого Релизы: 5 новостей
2026-02-20 06:53:50,447 [INFO] 
--- Категория: Обзоры ---
2026-02-20 06:53:50,447 [INFO] Загружаю RSS: StopGame - Обзоры (https://rss.stopgame.ru/rss_review.xml)
2026-02-20 06:53:51,339 [INFO]   → StopGame - Обзоры: получено 10 новостей
2026-02-20 06:53:51,339 [INFO] Загружаю RSS: StopGame - Превью (https://rss.stopgame.ru/rss_preview.xml)
2026-02-20 06:53:52,177 [INFO]   → StopGame - Превью: получено 10 новостей
2026-02-20 06:53:52,177 [INFO]   Итого Обзоры: 5 новостей
2026-02-20 06:53:52,177 [INFO] 
==================================================
2026-02-20 06:53:52,177 [INFO] ИТОГО: 15 подкастов собрано
2026-02-20 06:53:52,177 [INFO] ==================================================
2026-02-20 06:53:52,178 [INFO] Сохранено в /home/runner/work/GameNews/GameNews/podcasts.json
2026-02-20 06:53:52,178 [INFO] Тексты для озвучки сохранены в /home/runner/work/GameNews/GameNews/texts/
2026-02-20 06:53:52,178 [INFO] Готово!
2026-02-21 06:39:03,894 [INFO] ==================================================
2026-02-21 06:39:03,894 [INFO] GameNews RSS — Начало сбора новостей
2026-02-21 06:39:03,894 [INFO] ==================================================
2026-02-21 06:39:03,894 [INFO] 
--- Категория: Турниры ---
2026-02-21 06:39:03,894 [INFO] Загружаю RSS: Cyber.Sports.ru (https://cyber.sports.ru/rss/main.xml)
2026-02-21 06:39:05,897 [WARNING] Ошибка парсинга Cyber.Sports.ru: HTTP Error 302: The HTTP server returned a redirect error that would lead to an infinite loop.
The last 30x error message was:
Moved Temporarily
2026-02-21 06:39:05,897 [INFO] Загружаю RSS: GoHa.ru - Киберспорт (https://www.goha.ru/rss/:Киберспорт)
2026-02-21 06:39:06,301 [INFO]   → GoHa.ru - Киберспорт: получено 10 новостей
2026-02-21 06:39:06,301 [INFO]   Итого Турниры: 5 новостей
2026-02-21 06:39:06,301 [INFO] 
--- Категория: Релизы ---
2026-02-21 06:39:06,301 [INFO] Загружаю RSS: StopGame - Новости (https://rss.stopgame.ru/rss_news.xml)
2026-02-21 06:39:06,880 [INFO]   → StopGame - Новости: получено 10 новостей
2026-02-21 06:39:06,880 [INFO] Загружаю RSS: GoHa.ru - Общее (https://www.goha.ru/rss/)
2026-02-21 06:39:07,304 [WARNING] Ошибка парсинга GoHa.ru - Общее: <unknown>:207:2: mismatched tag
2026-02-21 06:39:07,305 [INFO]   Итого Релизы: 5 новостей
2026-02-21 06:39:07,305 [INFO] 
--- Категория: Обзоры ---
2026-02-21 06:39:07,305 [INFO] Загружаю RSS: StopGame - Обзоры (https://rss.stopgame.ru/rss_review.xml)
2026-02-21 06:39:07,819 [INFO]   → StopGame - Обзоры: получено 10 новостей
2026-02-21 06:39:07,819 [INFO] Загружаю RSS: StopGame - Превью (https://rss.stopgame.ru/rss_preview.xml)
2026-02-21 06:39:08,414 [INFO]   → StopGame - Превью: получено 10 новостей
2026-02-21 06:39:08,414 [INFO]   Итого Обзоры: 5 новостей
2026-02-21 06:39:08,414 [INFO] 
==================================================
2026-02-21 06:39:08,414 [INFO] ИТОГО: 15 подкастов собрано
2026-02-21 06:39:08,414 [INFO] ==================================================
2026-02-21 06:39:08,415 [INFO] Сохранено в /home/runner/work/GameNews/GameNews/podcasts.json
2026-02-21 06:39:08,416 [INFO] Тексты для озвучки сохранены в /home/runner/work/GameNews/GameNews/texts/
2026-02-21 06:39:08,416 [INFO] Готово!
2026-02-22 06:44:01,082 [INFO] ==================================================
2026-02-22 06:44:01,082 [INFO] GameNews RSS — Начало сбора новостей
2026-02-22 06:44:01,082 [INFO] ==================================================
2026-02-22 06:44:01,082 [INFO] 
--- Категория: Турниры ---
2026-02-22 06:44:01,082 [INFO] Загружаю RSS: Cyber.Sports.ru (https://cyber.sports.ru/rss/main.xml)
2026-02-22 06:44:05,397 [WARNING] Ошибка парсинга Cyber.Sports.ru: HTTP Error 302: The HTTP server returned a redirect error that would lead to an infinite loop.
The last 30x error message was:
Moved Temporarily
2026-02-22 06:44:05,397 [INFO] Загружаю RSS: GoHa.ru - Киберспорт (https://www.goha.ru/rss/:Киберспорт)
2026-02-22 06:44:06,128 [INFO]   → GoHa.ru - Киберспорт: получено 10 новостей
2026-02-22 06:44:06,128 [INFO]   Итого Турниры: 5 новостей
2026-02-22 06:44:06,128 [INFO] 
--- Категория: Релизы ---
2026-02-22 06:44:06,128 [INFO] Загружаю RSS: StopGame - Новости (https://rss.stopgame.ru/rss_news.xml)
2026-02-22 06:44:07,128 [INFO]   → StopGame - Новости: получено 10 новостей
2026-02-22 06:44:07,129 [INFO] Загружаю RSS: GoHa.ru - Общее (https://www.goha.ru/rss/)
2026-02-22 06:44:07,495 [WARNING] Ошибка парсинга GoHa.ru - Общее: <unknown>:207:2: mismatched tag
2026-02-22 06:44:07,496 [INFO]   Итого Релизы: 5 новостей
2026-02-22 06:44:07,496 [INFO] 
--- Категория: Обзоры ---
2026-02-22 06:44:07,496 [INFO] Загружаю RSS: StopGame - Обзоры (https://rss.stopgame.ru/rss_review.xml)
2026-02-22 06:44:08,567 [INFO]   → StopGame - Обзоры: получено 10 новостей
2026-02-22 06:44:08,568 [INFO] Загружаю RSS: StopGame - Превью (https://rss.stopgame.ru/rss_preview.xml)
2026-02-22 06:44:09,649 [INFO]   → StopGame - Превью: получено 10 новостей
2026-02-22 06:44:09,649 [INFO]   Итого Обзоры: 5 новостей
2026-02-22 06:44:09,649 [INFO] 
==================================================
2026-02-22 06:44:09,649 [INFO] ИТОГО: 15 подкастов собрано
2026-02-22 06:44:09,649 [INFO] ==================================================
2026-02-22 06:44:09,649 [INFO] Сохранено в /home/runner/work/GameNews/GameNews/podcasts.json
2026-02-22 06:44:09,650 [INFO] Тексты для озвучки сохранены в /home/runner/work/GameNews/GameNews/texts/
2026-02-22 06:44:09,650 [INFO] Готово!
2026-02-23 07:01:58,332 [INFO] ==================================================
2026-02-23 07:01:58,332 [INFO] GameNews RSS — Начало сбора новостей
2026-02-23 07:01:58,332 [INFO] ==================================================
2026-02-23 07:01:58,332 [INFO] 
--- Категория: Турниры ---
2026-02-23 07:01:58,332 [INFO] Загружаю RSS: Cyber.Sports.ru (https://cyber.sports.ru/rss/main.xml)
2026-02-23 07:02:01,906 [WARNING] Ошибка парсинга Cyber.Sports.ru: HTTP Error 302: The HTTP server returned a redirect error that would lead to an infinite loop.
The last 30x error message was:
Moved Temporarily
2026-02-23 07:02:01,906 [INFO] Загружаю RSS: GoHa.ru - Киберспорт (https://www.goha.ru/rss/:Киберспорт)
2026-02-23 07:02:02,597 [INFO]   → GoHa.ru - Киберспорт: получено 10 новостей
2026-02-23 07:02:02,597 [INFO]   Итого Турниры: 5 новостей
2026-02-23 07:02:02,597 [INFO] 
--- Категория: Релизы ---
2026-02-23 07:02:02,597 [INFO] Загружаю RSS: StopGame - Новости (https://rss.stopgame.ru/rss_news.xml)
2026-02-23 07:02:03,659 [INFO]   → StopGame - Новости: получено 10 новостей
2026-02-23 07:02:03,659 [INFO] Загружаю RSS: GoHa.ru - Общее (https://www.goha.ru/rss/)
2026-02-23 07:02:04,730 [WARNING] Ошибка парсинга GoHa.ru - Общее: <unknown>:207:2: mismatched tag
2026-02-23 07:02:04,730 [INFO]   Итого Релизы: 5 новостей
2026-02-23 07:02:04,730 [INFO] 
--- Категория: Обзоры ---
2026-02-23 07:02:04,730 [INFO] Загружаю RSS: StopGame - Обзоры (https://rss.stopgame.ru/rss_review.xml)
2026-02-23 07:02:05,937 [INFO]   → StopGame - Обзоры: получено 10 новостей
2026-02-23 07:02:05,937 [INFO] Загружаю RSS: StopGame - Превью (https://rss.stopgame.ru/rss_preview.xml)
2026-02-23 07:02:07,093 [INFO]   → StopGame - Превью: получено 10 новостей
2026-02-23 07:02:07,093 [INFO]   Итого Обзоры: 5 новостей
2026-02-23 07:02:07,093 [INFO] 
==================================================
2026-02-23 07:02:07,093 [INFO] ИТОГО: 15 подкастов собрано
2026-02-23 07:02:07,093 [INFO] ==================================================
2026-02-23 07:02:07,094 [INFO] Сохранено в /home/runner/work/GameNews/GameNews/podcasts.json
2026-02-23 07:02:07,095 [INFO] Тексты для озвучки сохранены в /home/runner/work/GameNews/GameNews/texts/
2026-02-23 07:02:07,095 [INFO] Готово!
2026-02-24 06:57:44,591 [INFO] ==================================================
2026-02-24 06:57:44,591 [INFO] GameNews RSS — Начало сбора новостей
2026-02-24 06:57:44,591 [INFO] ==================================================
2026-02-24 06:57:44,591 [INFO] 
--- Категория: Турниры ---
2026-02-24 06:57:44,591 [INFO] Загружаю RSS: Cyber.Sports.ru (https://cyber.sports.ru/rss/main.xml)
2026-02-24 06:57:47,243 [WARNING] Ошибка парсинга Cyber.Sports.ru: HTTP Error 302: The HTTP server returned a redirect error that would lead to an infinite loop.
The last 30x error message was:
Moved Temporarily
2026-02-24 06:57:47,243 [INFO] Загружаю RSS: GoHa.ru - Киберспорт (https://www.goha.ru/rss/:Киберспорт)
2026-02-24 06:57:47,618 [INFO]   → GoHa.ru - Киберспорт: получено 10 новостей
2026-02-24 06:57:47,619 [INFO]   Итого Турниры: 5 новостей
2026-02-24 06:57:47,619 [INFO] 
--- Категория: Релизы ---
2026-02-24 06:57:47,619 [INFO] Загружаю RSS: StopGame - Новости (https://rss.stopgame.ru/rss_news.xml)
2026-02-24 06:57:48,306 [INFO]   → StopGame - Новости: получено 10 новостей
2026-02-24 06:57:48,307 [INFO] Загружаю RSS: GoHa.ru - Общее (https://www.goha.ru/rss/)
2026-02-24 06:57:48,715 [WARNING] Ошибка парсинга GoHa.ru - Общее: <unknown>:207:2: mismatched tag
2026-02-24 06:57:48,715 [INFO]   Итого Релизы: 5 новостей
2026-02-24 06:57:48,715 [INFO] 
--- Категория: Обзоры ---
2026-02-24 06:57:48,715 [INFO] Загружаю RSS: StopGame - Обзоры (https://rss.stopgame.ru/rss_review.xml)
2026-02-24 06:57:49,508 [INFO]   → StopGame - Обзоры: получено 10 новостей
2026-02-24 06:57:49,508 [INFO] Загружаю RSS: StopGame - Превью (https://rss.stopgame.ru/rss_preview.xml)
2026-02-24 06:57:50,078 [INFO]   → StopGame - Превью: получено 10 новостей
2026-02-24 06:57:50,078 [INFO]   Итого Обзоры: 5 новостей
2026-02-24 06:57:50,078 [INFO] 
==================================================
2026-02-24 06:57:50,078 [INFO] ИТОГО: 15 подкастов собрано
2026-02-24 06:57:50,078 [INFO] ==================================================
2026-02-24 06:57:50,079 [INFO] Сохранено в /home/runner/work/GameNews/GameNews/podcasts.json
2026-02-24 06:57:50,080 [INFO] Тексты для озвучки сохранены в /home/runner/work/GameNews/GameNews/texts/
2026-02-24 06:57:50,080 [INFO] Готово!
2026-02-25 06:59:35,941 [INFO] ==================================================
2026-02-25 06:59:35,941 [INFO] GameNews RSS — Начало сбора новостей
2026-02-25 06:59:35,941 [INFO] ==================================================
2026-02-25 06:59:35,941 [INFO] 
--- Категория: Турниры ---
2026-02-25 06:59:35,941 [INFO] Загружаю RSS: Cyber.Sports.ru (https://cyber.sports.ru/rss/main.xml)
2026-02-25 06:59:38,591 [WARNING] Ошибка парсинга Cyber.Sports.ru: HTTP Error 302: The HTTP server returned a redirect error that would lead to an infinite loop.
The last 30x error message was:
Moved Temporarily
2026-02-25 06:59:38,592 [INFO] Загружаю RSS: GoHa.ru - Киберспорт (https://www.goha.ru/rss/:Киберспорт)
2026-02-25 06:59:39,275 [INFO]   → GoHa.ru - Киберспорт: получено 10 новостей
2026-02-25 06:59:39,276 [INFO]   Итого Турниры: 5 новостей
2026-02-25 06:59:39,276 [INFO] 
--- Категория: Релизы ---
2026-02-25 06:59:39,276 [INFO] Загружаю RSS: StopGame - Новости (https://rss.stopgame.ru/rss_news.xml)
2026-02-25 06:59:40,148 [INFO]   → StopGame - Новости: получено 10 новостей
2026-02-25 06:59:40,149 [INFO] Загружаю RSS: GoHa.ru - Общее (https://www.goha.ru/rss/)
2026-02-25 06:59:40,597 [WARNING] Ошибка парсинга GoHa.ru - Общее: <unknown>:207:2: mismatched tag
2026-02-25 06:59:40,598 [INFO]   Итого Релизы: 5 новостей
2026-02-25 06:59:40,598 [INFO] 
--- Категория: Обзоры ---
2026-02-25 06:59:40,598 [INFO] Загружаю RSS: StopGame - Обзоры (https://rss.stopgame.ru/rss_review.xml)
2026-02-25 06:59:41,199 [INFO]   → StopGame - Обзоры: получено 10 новостей
2026-02-25 06:59:41,199 [INFO] Загружаю RSS: StopGame - Превью (https://rss.stopgame.ru/rss_preview.xml)
2026-02-25 06:59:42,118 [INFO]   → StopGame - Превью: получено 10 новостей
2026-02-25 06:59:42,118 [INFO]   Итого Обзоры: 5 новостей
2026-02-25 06:59:42,118 [INFO] 
==================================================
2026-02-25 06:59:42,118 [INFO] ИТОГО: 15 подкастов собрано
2026-02-25 06:59:42,118 [INFO] ==================================================
2026-02-25 06:59:42,118 [INFO] Сохранено в /home/runner/work/GameNews/GameNews/podcasts.json
2026-02-25 06:59:42,119 [INFO] Тексты для озвучки сохранены в /home/runner/work/GameNews/GameNews/texts/
2026-02-25 06:59:42,119 [INFO] Готово!
2026-02-26 06:57:41,534 [INFO] ==================================================
2026-02-26 06:57:41,534 [INFO] GameNews RSS — Начало сбора новостей
2026-02-26 06:57:41,534 [INFO] ==================================================
2026-02-26 06:57:41,534 [INFO] 
--- Категория: Турниры ---
2026-02-26 06:57:41,534 [INFO] Загружаю RSS: Cyber.Sports.ru (https://cyber.sports.ru/rss/main.xml)
2026-02-26 06:57:44,987 [WARNING] Ошибка парсинга Cyber.Sports.ru: HTTP Error 302: The HTTP server returned a redirect error that would lead to an infinite loop.
The last 30x error message was:
Moved Temporarily
2026-02-26 06:57:44,988 [INFO] Загружаю RSS: GoHa.ru - Киберспорт (https://www.goha.ru/rss/:Киберспорт)
2026-02-26 06:57:45,671 [INFO]   → GoHa.ru - Киберспорт: получено 10 новостей
2026-02-26 06:57:45,672 [INFO]   Итого Турниры: 5 новостей
2026-02-26 06:57:45,672 [INFO] 
--- Категория: Релизы ---
2026-02-26 06:57:45,672 [INFO] Загружаю RSS: StopGame - Новости (https://rss.stopgame.ru/rss_news.xml)
2026-02-26 06:57:46,619 [INFO]   → StopGame - Новости: получено 10 новостей
2026-02-26 06:57:46,619 [INFO] Загружаю RSS: GoHa.ru - Общее (https://www.goha.ru/rss/)
2026-02-26 06:57:46,938 [WARNING] Ошибка парсинга GoHa.ru - Общее: <unknown>:207:2: mismatched tag
2026-02-26 06:57:46,938 [INFO]   Итого Релизы: 5 новостей
2026-02-26 06:57:46,938 [INFO] 
--- Категория: Обзоры ---
2026-02-26 06:57:46,938 [INFO] Загружаю RSS: StopGame - Обзоры (https://rss.stopgame.ru/rss_review.xml)
2026-02-26 06:57:48,150 [INFO]   → StopGame - Обзоры: получено 10 новостей
2026-02-26 06:57:48,151 [INFO] Загружаю RSS: StopGame - Превью (https://rss.stopgame.ru/rss_preview.xml)
2026-02-26 06:57:48,820 [INFO]   → StopGame - Превью: получено 10 новостей
2026-02-26 06:57:48,820 [INFO]   Итого Обзоры: 5 новостей
2026-02-26 06:57:48,820 [INFO] 
==================================================
2026-02-26 06:57:48,820 [INFO] ИТОГО: 15 подкастов собрано
2026-02-26 06:57:48,820 [INFO] ==================================================
2026-02-26 06:57:48,820 [INFO] Сохранено в /home/runner/work/GameNews/GameNews/podcasts.json
2026-02-26 06:57:48,821 [INFO] Тексты для озвучки сохранены в /home/runner/work/GameNews/GameNews/texts/
2026-02-26 06:57:48,821 [INFO] Готово!
2026-02-27 06:51:20,204 [INFO] ==================================================
2026-02-27 06:51:20,204 [INFO] GameNews RSS — Начало сбора новостей
2026-02-27 06:51:20,204 [INFO] ==================================================
2026-02-27 06:51:20,204 [INFO] 
--- Категория: Турниры ---
2026-02-27 06:51:20,204 [INFO] Загружаю RSS: Cyber.Sports.ru (https://cyber.sports.ru/rss/main.xml)
2026-02-27 06:51:22,162 [WARNING] Ошибка парсинга Cyber.Sports.ru: HTTP Error 302: The HTTP server returned a redirect error that would lead to an infinite loop.
The last 30x error message was:
Moved Temporarily
2026-02-27 06:51:22,162 [INFO] Загружаю RSS: GoHa.ru - Киберспорт (https://www.goha.ru/rss/:Киберспорт)
2026-02-27 06:51:22,567 [INFO]   → GoHa.ru - Киберспорт: получено 10 новостей
2026-02-27 06:51:22,568 [INFO]   Итого Турниры: 5 новостей
2026-02-27 06:51:22,568 [INFO] 
--- Категория: Релизы ---
2026-02-27 06:51:22,568 [INFO] Загружаю RSS: StopGame - Новости (https://rss.stopgame.ru/rss_news.xml)
2026-02-27 06:51:23,110 [INFO]   → StopGame - Новости: получено 10 новостей
2026-02-27 06:51:23,110 [INFO] Загружаю RSS: GoHa.ru - Общее (https://www.goha.ru/rss/)
2026-02-27 06:51:23,630 [WARNING] Ошибка парсинга GoHa.ru - Общее: <unknown>:207:2: mismatched tag
2026-02-27 06:51:23,630 [INFO]   Итого Релизы: 5 новостей
2026-02-27 06:51:23,630 [INFO] 
--- Категория: Обзоры ---
2026-02-27 06:51:23,630 [INFO] Загружаю RSS: StopGame - Обзоры (https://rss.stopgame.ru/rss_review.xml)
2026-02-27 06:51:24,210 [INFO]   → StopGame - Обзоры: получено 10 новостей
2026-02-27 06:51:24,210 [INFO] Загружаю RSS: StopGame - Превью (https://rss.stopgame.ru/rss_preview.xml)
2026-02-27 06:51:25,014 [INFO]   → StopGame - Превью: получено 10 новостей
2026-02-27 06:51:25,014 [INFO]   Итого Обзоры: 5 новостей
2026-02-27 06:51:25,014 [INFO] 
==================================================
2026-02-27 06:51:25,014 [INFO] ИТОГО: 15 подкастов собрано
2026-02-27 06:51:25,014 [INFO] ==================================================
2026-02-27 06:51:25,015 [INFO] Сохранено в /home/runner/work/GameNews/GameNews/podcasts.json
2026-02-27 06:51:25,016 [INFO] Тексты для озвучки сохранены в /home/runner/work/GameNews/GameNews/texts/
2026-02-27 06:51:25,016 [INFO] Готово!
2026-02-28 06:35:12,226 [INFO] ==================================================
2026-02-28 06:35:12,226 [INFO] GameNews RSS — Начало сбора новостей
2026-02-28 06:35:12,226 [INFO] ==================================================
2026-02-28 06:35:12,226 [INFO] 
--- Категория: Турниры ---
2026-02-28 06:35:12,226 [INFO] Загружаю RSS: Cyber.Sports.ru (https://cyber.sports.ru/rss/main.xml)
2026-02-28 06:35:14,100 [WARNING] Ошибка парсинга Cyber.Sports.ru: HTTP Error 302: The HTTP server returned a redirect error that would lead to an infinite loop.
The last 30x error message was:
Moved Temporarily
2026-02-28 06:35:14,100 [INFO] Загружаю RSS: GoHa.ru - Киберспорт (https://www.goha.ru/rss/:Киберспорт)
2026-02-28 06:35:14,473 [INFO]   → GoHa.ru - Киберспорт: получено 10 новостей
2026-02-28 06:35:14,473 [INFO]   Итого Турниры: 5 новостей
2026-02-28 06:35:14,473 [INFO] 
--- Категория: Релизы ---
2026-02-28 06:35:14,474 [INFO] Загружаю RSS: StopGame - Новости (https://rss.stopgame.ru/rss_news.xml)
2026-02-28 06:35:15,154 [INFO]   → StopGame - Новости: получено 10 новостей
2026-02-28 06:35:15,154 [INFO] Загружаю RSS: GoHa.ru - Общее (https://www.goha.ru/rss/)
2026-02-28 06:35:15,417 [WARNING] Ошибка парсинга GoHa.ru - Общее: <unknown>:207:2: mismatched tag
2026-02-28 06:35:15,417 [INFO]   Итого Релизы: 5 новостей
2026-02-28 06:35:15,417 [INFO] 
--- Категория: Обзоры ---
2026-02-28 06:35:15,417 [INFO] Загружаю RSS: StopGame - Обзоры (https://rss.stopgame.ru/rss_review.xml)
2026-02-28 06:35:15,982 [INFO]   → StopGame - Обзоры: получено 10 новостей
2026-02-28 06:35:15,983 [INFO] Загружаю RSS: StopGame - Превью (https://rss.stopgame.ru/rss_preview.xml)
2026-02-28 06:35:16,789 [INFO]   → StopGame - Превью: получено 10 новостей
2026-02-28 06:35:16,790 [INFO]   Итого Обзоры: 5 новостей
2026-02-28 06:35:16,790 [INFO] 
==================================================
2026-02-28 06:35:16,790 [INFO] ИТОГО: 15 подкастов собрано
2026-02-28 06:35:16,790 [INFO] ==================================================
2026-02-28 06:35:16,790 [INFO] Сохранено в /home/runner/work/GameNews/GameNews/podcasts.json
2026-02-28 06:35:16,791 [INFO] Тексты для озвучки сохранены в /home/runner/work/GameNews/GameNews/texts/
2026-02-28 06:35:16,791 [INFO] Готово!
2026-03-01 06:42:36,173 [INFO] ==================================================
2026-03-01 06:42:36,173 [INFO] GameNews RSS — Начало сбора новостей
2026-03-01 06:42:36,173 [INFO] ==================================================
2026-03-01 06:42:36,173 [INFO] 
--- Категория: Турниры ---
2026-03-01 06:42:36,173 [INFO] Загружаю RSS: Cyber.Sports.ru (https://cyber.sports.ru/rss/main.xml)
2026-03-01 06:42:38,530 [WARNING] Ошибка парсинга Cyber.Sports.ru: HTTP Error 302: The HTTP server returned a redirect error that would lead to an infinite loop.
The last 30x error message was:
Moved Temporarily
2026-03-01 06:42:38,530 [INFO] Загружаю RSS: GoHa.ru - Киберспорт (https://www.goha.ru/rss/:Киберспорт)
2026-03-01 06:42:39,822 [INFO]   → GoHa.ru - Киберспорт: получено 10 новостей
2026-03-01 06:42:39,822 [INFO]   Итого Турниры: 5 новостей
2026-03-01 06:42:39,823 [INFO] 
--- Категория: Релизы ---
2026-03-01 06:42:39,823 [INFO] Загружаю RSS: StopGame - Новости (https://rss.stopgame.ru/rss_news.xml)
2026-03-01 06:42:40,575 [INFO]   → StopGame - Новости: получено 10 новостей
2026-03-01 06:42:40,575 [INFO] Загружаю RSS: GoHa.ru - Общее (https://www.goha.ru/rss/)
2026-03-01 06:42:40,847 [WARNING] Ошибка парсинга GoHa.ru - Общее: <unknown>:207:2: mismatched tag
2026-03-01 06:42:40,847 [INFO]   Итого Релизы: 5 новостей
2026-03-01 06:42:40,847 [INFO] 
--- Категория: Обзоры ---
2026-03-01 06:42:40,847 [INFO] Загружаю RSS: StopGame - Обзоры (https://rss.stopgame.ru/rss_review.xml)
2026-03-01 06:42:41,792 [INFO]   → StopGame - Обзоры: получено 10 новостей
2026-03-01 06:42:41,792 [INFO] Загружаю RSS: StopGame - Превью (https://rss.stopgame.ru/rss_preview.xml)
2026-03-01 06:42:42,486 [INFO]   → StopGame - Превью: получено 10 новостей
2026-03-01 06:42:42,486 [INFO]   Итого Обзоры: 5 новостей
2026-03-01 06:42:42,486 [INFO] 
==================================================
2026-03-01 06:42:42,486 [INFO] ИТОГО: 15 подкастов собрано
2026-03-01 06:42:42,486 [INFO] ==================================================
2026-03-01 06:42:42,487 [INFO] Сохранено в /home/runner/work/GameNews/GameNews/podcasts.json
2026-03-01 06:42:42,488 [INFO] Тексты для озвучки сохранены в /home/runner/work/GameNews/GameNews/texts/
2026-03-01 06:42:42,488 [INFO] Готово!
2026-03-02 06:55:09,463 [INFO] ==================================================
2026-03-02 06:55:09,463 [INFO] GameNews RSS — Начало сбора новостей
2026-03-02 06:55:09,463 [INFO] ==================================================
2026-03-02 06:55:09,463 [INFO] 
--- Категория: Турниры ---
2026-03-02 06:55:09,464 [INFO] Загружаю RSS: Cyber.Sports.ru (https://cyber.sports.ru/rss/main.xml)
2026-03-02 06:55:13,218 [WARNING] Ошибка парсинга Cyber.Sports.ru: HTTP Error 302: The HTTP server returned a redirect error that would lead to an infinite loop.
The last 30x error message was:
Moved Temporarily
2026-03-02 06:55:13,218 [INFO] Загружаю RSS: GoHa.ru - Киберспорт (https://www.goha.ru/rss/:Киберспорт)
2026-03-02 06:55:13,903 [INFO]   → GoHa.ru - Киберспорт: получено 10 новостей
2026-03-02 06:55:13,903 [INFO]   Итого Турниры: 5 новостей
2026-03-02 06:55:13,903 [INFO] 
--- Категория: Релизы ---
2026-03-02 06:55:13,903 [INFO] Загружаю RSS: StopGame - Новости (https://rss.stopgame.ru/rss_news.xml)
2026-03-02 06:55:14,905 [INFO]   → StopGame - Новости: получено 10 новостей
2026-03-02 06:55:14,905 [INFO] Загружаю RSS: GoHa.ru - Общее (https://www.goha.ru/rss/)
2026-03-02 06:55:15,322 [WARNING] Ошибка парсинга GoHa.ru - Общее: <unknown>:207:2: mismatched tag
2026-03-02 06:55:15,322 [INFO]   Итого Релизы: 5 новостей
2026-03-02 06:55:15,322 [INFO] 
--- Категория: Обзоры ---
2026-03-02 06:55:15,322 [INFO] Загружаю RSS: StopGame - Обзоры (https://rss.stopgame.ru/rss_review.xml)
2026-03-02 06:55:16,330 [INFO]   → StopGame - Обзоры: получено 10 новостей
2026-03-02 06:55:16,330 [INFO] Загружаю RSS: StopGame - Превью (https://rss.stopgame.ru/rss_preview.xml)
2026-03-02 06:55:17,459 [INFO]   → StopGame - Превью: получено 10 новостей
2026-03-02 06:55:17,459 [INFO]   Итого Обзоры: 5 новостей
2026-03-02 06:55:17,459 [INFO] 
==================================================
2026-03-02 06:55:17,459 [INFO] ИТОГО: 15 подкастов собрано
2026-03-02 06:55:17,459 [INFO] ==================================================
2026-03-02 06:55:17,460 [INFO] Сохранено в /home/runner/work/GameNews/GameNews/podcasts.json
2026-03-02 06:55:17,460 [INFO] Тексты для озвучки сохранены в /home/runner/work/GameNews/GameNews/texts/
2026-03-02 06:55:17,461 [INFO] Готово!
2026-03-03 06:48:08,292 [INFO] ==================================================
2026-03-03 06:48:08,292 [INFO] GameNews RSS — Начало сбора новостей
2026-03-03 06:48:08,292 [INFO] ==================================================
2026-03-03 06:48:08,293 [INFO] 
--- Категория: Турниры ---
2026-03-03 06:48:08,293 [INFO] Загружаю RSS: Cyber.Sports.ru (https://cyber.sports.ru/rss/main.xml)
2026-03-03 06:48:10,379 [WARNING] Ошибка парсинга Cyber.Sports.ru: HTTP Error 302: The HTTP server returned a redirect error that would lead to an infinite loop.
The last 30x error message was:
Moved Temporarily
2026-03-03 06:48:10,379 [INFO] Загружаю RSS: GoHa.ru - Киберспорт (https://www.goha.ru/rss/:Киберспорт)
2026-03-03 06:48:11,464 [INFO]   → GoHa.ru - Киберспорт: получено 10 новостей
2026-03-03 06:48:11,465 [INFO]   Итого Турниры: 5 новостей
2026-03-03 06:48:11,465 [INFO] 
--- Категория: Релизы ---
2026-03-03 06:48:11,465 [INFO] Загружаю RSS: StopGame - Новости (https://rss.stopgame.ru/rss_news.xml)
2026-03-03 06:48:11,985 [INFO]   → StopGame - Новости: получено 10 новостей
2026-03-03 06:48:11,985 [INFO] Загружаю RSS: GoHa.ru - Общее (https://www.goha.ru/rss/)
2026-03-03 06:48:12,253 [WARNING] Ошибка парсинга GoHa.ru - Общее: <unknown>:207:2: mismatched tag
2026-03-03 06:48:12,253 [INFO]   Итого Релизы: 5 новостей
2026-03-03 06:48:12,253 [INFO] 
--- Категория: Обзоры ---
2026-03-03 06:48:12,253 [INFO] Загружаю RSS: StopGame - Обзоры (https://rss.stopgame.ru/rss_review.xml)
2026-03-03 06:48:12,967 [INFO]   → StopGame - Обзоры: получено 10 новостей
2026-03-03 06:48:12,967 [INFO] Загружаю RSS: StopGame - Превью (https://rss.stopgame.ru/rss_preview.xml)
2026-03-03 06:48:13,558 [INFO]   → StopGame - Превью: получено 10 новостей
2026-03-03 06:48:13,558 [INFO]   Итого Обзоры: 5 новостей
2026-03-03 06:48:13,558 [INFO] 
==================================================
2026-03-03 06:48:13,558 [INFO] ИТОГО: 15 подкастов собрано
2026-03-03 06:48:13,558 [INFO] ==================================================
2026-03-03 06:48:13,559 [INFO] Сохранено в /home/runner/work/GameNews/GameNews/podcasts.json
2026-03-03 06:48:13,560 [INFO] Тексты для озвучки сохранены в /home/runner/work/GameNews/GameNews/texts/
2026-03-03 06:48:13,560 [INFO] Готово!
2026-03-04 06:43:09,580 [INFO] ==================================================
2026-03-04 06:43:09,580 [INFO] GameNews RSS — Начало сбора новостей
2026-03-04 06:43:09,580 [INFO] ==================================================
2026-03-04 06:43:09,580 [INFO] 
--- Категория: Турниры ---
2026-03-04 06:43:09,580 [INFO] Загружаю RSS: Cyber.Sports.ru (https://cyber.sports.ru/rss/main.xml)
2026-03-04 06:43:11,547 [WARNING] Ошибка парсинга Cyber.Sports.ru: HTTP Error 302: The HTTP server returned a redirect error that would lead to an infinite loop.
The last 30x error message was:
Moved Temporarily
2026-03-04 06:43:11,547 [INFO] Загружаю RSS: GoHa.ru - Киберспорт (https://www.goha.ru/rss/:Киберспорт)
2026-03-04 06:43:12,367 [INFO]   → GoHa.ru - Киберспорт: получено 10 новостей
2026-03-04 06:43:12,367 [INFO]   Итого Турниры: 5 новостей
2026-03-04 06:43:12,367 [INFO] 
--- Категория: Релизы ---
2026-03-04 06:43:12,367 [INFO] Загружаю RSS: StopGame - Новости (https://rss.stopgame.ru/rss_news.xml)
2026-03-04 06:43:13,017 [INFO]   → StopGame - Новости: получено 10 новостей
2026-03-04 06:43:13,017 [INFO] Загружаю RSS: GoHa.ru - Общее (https://www.goha.ru/rss/)
2026-03-04 06:43:13,287 [WARNING] Ошибка парсинга GoHa.ru - Общее: <unknown>:207:2: mismatched tag
2026-03-04 06:43:13,287 [INFO]   Итого Релизы: 5 новостей
2026-03-04 06:43:13,288 [INFO] 
--- Категория: Обзоры ---
2026-03-04 06:43:13,288 [INFO] Загружаю RSS: StopGame - Обзоры (https://rss.stopgame.ru/rss_review.xml)
2026-03-04 06:43:13,739 [INFO]   → StopGame - Обзоры: получено 10 новостей
2026-03-04 06:43:13,739 [INFO] Загружаю RSS: StopGame - Превью (https://rss.stopgame.ru/rss_preview.xml)
2026-03-04 06:43:14,439 [INFO]   → StopGame - Превью: получено 10 новостей
2026-03-04 06:43:14,439 [INFO]   Итого Обзоры: 5 новостей
2026-03-04 06:43:14,439 [INFO] 
==================================================
2026-03-04 06:43:14,439 [INFO] ИТОГО: 15 подкастов собрано
2026-03-04 06:43:14,439 [INFO] ==================================================
2026-03-04 06:43:14,440 [INFO] Сохранено в /home/runner/work/GameNews/GameNews/podcasts.json
2026-03-04 06:43:14,440 [INFO] Тексты для озвучки сохранены в /home/runner/work/GameNews/GameNews/texts/
2026-03-04 06:43:14,440 [INFO] Готово!
2026-03-05 06:48:42,325 [INFO] ==================================================
2026-03-05 06:48:42,325 [INFO] GameNews RSS — Начало сбора новостей
2026-03-05 06:48:42,325 [INFO] ==================================================
2026-03-05 06:48:42,325 [INFO] 
--- Категория: Турниры ---
2026-03-05 06:48:42,325 [INFO] Загружаю RSS: Cyber.Sports.ru (https://cyber.sports.ru/rss/main.xml)
2026-03-05 06:48:44,192 [WARNING] Ошибка парсинга Cyber.Sports.ru: HTTP Error 302: The HTTP server returned a redirect error that would lead to an infinite loop.
The last 30x error message was:
Moved Temporarily
2026-03-05 06:48:44,192 [INFO] Загружаю RSS: GoHa.ru - Киберспорт (https://www.goha.ru/rss/:Киберспорт)
2026-03-05 06:48:44,578 [INFO]   → GoHa.ru - Киберспорт: получено 10 новостей
2026-03-05 06:48:44,579 [INFO]   Итого Турниры: 5 новостей
2026-03-05 06:48:44,579 [INFO] 
--- Категория: Релизы ---
2026-03-05 06:48:44,579 [INFO] Загружаю RSS: StopGame - Новости (https://rss.stopgame.ru/rss_news.xml)
2026-03-05 06:48:45,294 [INFO]   → StopGame - Новости: получено 10 новостей
2026-03-05 06:48:45,294 [INFO] Загружаю RSS: GoHa.ru - Общее (https://www.goha.ru/rss/)
2026-03-05 06:48:45,584 [WARNING] Ошибка парсинга GoHa.ru - Общее: <unknown>:207:2: mismatched tag
2026-03-05 06:48:45,584 [INFO]   Итого Релизы: 5 новостей
2026-03-05 06:48:45,584 [INFO] 
--- Категория: Обзоры ---
2026-03-05 06:48:45,584 [INFO] Загружаю RSS: StopGame - Обзоры (https://rss.stopgame.ru/rss_review.xml)
2026-03-05 06:48:46,291 [INFO]   → StopGame - Обзоры: получено 10 новостей
2026-03-05 06:48:46,291 [INFO] Загружаю RSS: StopGame - Превью (https://rss.stopgame.ru/rss_preview.xml)
2026-03-05 06:48:46,871 [INFO]   → StopGame - Превью: получено 10 новостей
2026-03-05 06:48:46,871 [INFO]   Итого Обзоры: 5 новостей
2026-03-05 06:48:46,871 [INFO] 
==================================================
2026-03-05 06:48:46,871 [INFO] ИТОГО: 15 подкастов собрано
2026-03-05 06:48:46,871 [INFO] ==================================================
2026-03-05 06:48:46,871 [INFO] Сохранено в /home/runner/work/GameNews/GameNews/podcasts.json
2026-03-05 06:48:46,872 [INFO] Тексты для озвучки сохранены в /home/runner/work/GameNews/GameNews/texts/
2026-03-05 06:48:46,872 [INFO] Готово!
2026-03-06 06:43:30,807 [INFO] ==================================================
2026-03-06 06:43:30,807 [INFO] GameNews RSS — Начало сбора новостей
2026-03-06 06:43:30,807 [INFO] ==================================================
2026-03-06 06:43:30,807 [INFO] 
--- Категория: Турниры ---
2026-03-06 06:43:30,807 [INFO] Загружаю RSS: Cyber.Sports.ru (https://cyber.sports.ru/rss/main.xml)
2026-03-06 06:43:33,320 [WARNING] Ошибка парсинга Cyber.Sports.ru: HTTP Error 302: The HTTP server returned a redirect error that would lead to an infinite loop.
The last 30x error message was:
Moved Temporarily
2026-03-06 06:43:33,320 [INFO] Загружаю RSS: GoHa.ru - Киберспорт (https://www.goha.ru/rss/:Киберспорт)
2026-03-06 06:43:33,726 [INFO]   → GoHa.ru - Киберспорт: получено 10 новостей
2026-03-06 06:43:33,726 [INFO]   Итого Турниры: 5 новостей
2026-03-06 06:43:33,726 [INFO] 
--- Категория: Релизы ---
2026-03-06 06:43:33,726 [INFO] Загружаю RSS: StopGame - Новости (https://rss.stopgame.ru/rss_news.xml)
2026-03-06 06:43:34,427 [INFO]   → StopGame - Новости: получено 10 новостей
2026-03-06 06:43:34,427 [INFO] Загружаю RSS: GoHa.ru - Общее (https://www.goha.ru/rss/)
2026-03-06 06:43:34,605 [WARNING] Ошибка парсинга GoHa.ru - Общее: <unknown>:207:2: mismatched tag
2026-03-06 06:43:34,606 [INFO]   Итого Релизы: 5 новостей
2026-03-06 06:43:34,606 [INFO] 
--- Категория: Обзоры ---
2026-03-06 06:43:34,606 [INFO] Загружаю RSS: StopGame - Обзоры (https://rss.stopgame.ru/rss_review.xml)
2026-03-06 06:43:35,251 [INFO]   → StopGame - Обзоры: получено 10 новостей
2026-03-06 06:43:35,251 [INFO] Загружаю RSS: StopGame - Превью (https://rss.stopgame.ru/rss_preview.xml)
2026-03-06 06:43:35,869 [INFO]   → StopGame - Превью: получено 10 новостей
2026-03-06 06:43:35,869 [INFO]   Итого Обзоры: 5 новостей
2026-03-06 06:43:35,869 [INFO] 
==================================================
2026-03-06 06:43:35,869 [INFO] ИТОГО: 15 подкастов собрано
2026-03-06 06:43:35,869 [INFO] ==================================================
2026-03-06 06:43:35,870 [INFO] Сохранено в /home/runner/work/GameNews/GameNews/podcasts.json
2026-03-06 06:43:35,870 [INFO] Тексты для озвучки сохранены в /home/runner/work/GameNews/GameNews/texts/
2026-03-06 06:43:35,870 [INFO] Готово!
2026-03-07 06:37:33,469 [INFO] ==================================================
2026-03-07 06:37:33,469 [INFO] GameNews RSS — Начало сбора новостей
2026-03-07 06:37:33,469 [INFO] ==================================================
2026-03-07 06:37:33,469 [INFO] 
--- Категория: Турниры ---
2026-03-07 06:37:33,469 [INFO] Загружаю RSS: Cyber.Sports.ru (https://cyber.sports.ru/rss/main.xml)
2026-03-07 06:37:35,372 [WARNING] Ошибка парсинга Cyber.Sports.ru: HTTP Error 302: The HTTP server returned a redirect error that would lead to an infinite loop.
The last 30x error message was:
Moved Temporarily
2026-03-07 06:37:35,372 [INFO] Загружаю RSS: GoHa.ru - Киберспорт (https://www.goha.ru/rss/:Киберспорт)
2026-03-07 06:37:35,759 [INFO]   → GoHa.ru - Киберспорт: получено 10 новостей
2026-03-07 06:37:35,759 [INFO]   Итого Турниры: 5 новостей
2026-03-07 06:37:35,759 [INFO] 
--- Категория: Релизы ---
2026-03-07 06:37:35,759 [INFO] Загружаю RSS: StopGame - Новости (https://rss.stopgame.ru/rss_news.xml)
2026-03-07 06:37:36,205 [INFO]   → StopGame - Новости: получено 10 новостей
2026-03-07 06:37:36,205 [INFO] Загружаю RSS: GoHa.ru - Общее (https://www.goha.ru/rss/)
2026-03-07 06:37:36,532 [WARNING] Ошибка парсинга GoHa.ru - Общее: <unknown>:207:2: mismatched tag
2026-03-07 06:37:36,533 [INFO]   Итого Релизы: 5 новостей
2026-03-07 06:37:36,533 [INFO] 
--- Категория: Обзоры ---
2026-03-07 06:37:36,533 [INFO] Загружаю RSS: StopGame - Обзоры (https://rss.stopgame.ru/rss_review.xml)
2026-03-07 06:37:36,925 [INFO]   → StopGame - Обзоры: получено 10 новостей
2026-03-07 06:37:36,925 [INFO] Загружаю RSS: StopGame - Превью (https://rss.stopgame.ru/rss_preview.xml)
2026-03-07 06:37:37,544 [INFO]   → StopGame - Превью: получено 10 новостей
2026-03-07 06:37:37,544 [INFO]   Итого Обзоры: 5 новостей
2026-03-07 06:37:37,544 [INFO] 
==================================================
2026-03-07 06:37:37,544 [INFO] ИТОГО: 15 подкастов собрано
2026-03-07 06:37:37,545 [INFO] ==================================================
2026-03-07 06:37:37,545 [INFO] Сохранено в /home/runner/work/GameNews/GameNews/podcasts.json
2026-03-07 06:37:37,546 [INFO] Тексты для озвучки сохранены в /home/runner/work/GameNews/GameNews/texts/
2026-03-07 06:37:37,546 [INFO] Готово!
2026-03-08 06:39:40,529 [INFO] ==================================================
2026-03-08 06:39:40,529 [INFO] GameNews RSS — Начало сбора новостей
2026-03-08 06:39:40,529 [INFO] ==================================================
2026-03-08 06:39:40,529 [INFO] 
--- Категория: Турниры ---
2026-03-08 06:39:40,529 [INFO] Загружаю RSS: Cyber.Sports.ru (https://cyber.sports.ru/rss/main.xml)
2026-03-08 06:39:42,628 [WARNING] Ошибка парсинга Cyber.Sports.ru: HTTP Error 302: The HTTP server returned a redirect error that would lead to an infinite loop.
The last 30x error message was:
Moved Temporarily
2026-03-08 06:39:42,628 [INFO] Загружаю RSS: GoHa.ru - Киберспорт (https://www.goha.ru/rss/:Киберспорт)
2026-03-08 06:39:43,280 [INFO]   → GoHa.ru - Киберспорт: получено 10 новостей
2026-03-08 06:39:43,280 [INFO]   Итого Турниры: 5 новостей
2026-03-08 06:39:43,280 [INFO] 
--- Категория: Релизы ---
2026-03-08 06:39:43,280 [INFO] Загружаю RSS: StopGame - Новости (https://rss.stopgame.ru/rss_news.xml)
2026-03-08 06:39:43,947 [INFO]   → StopGame - Новости: получено 10 новостей
2026-03-08 06:39:43,947 [INFO] Загружаю RSS: GoHa.ru - Общее (https://www.goha.ru/rss/)
2026-03-08 06:39:44,289 [WARNING] Ошибка парсинга GoHa.ru - Общее: <unknown>:207:2: mismatched tag
2026-03-08 06:39:44,289 [INFO]   Итого Релизы: 5 новостей
2026-03-08 06:39:44,289 [INFO] 
--- Категория: Обзоры ---
2026-03-08 06:39:44,289 [INFO] Загружаю RSS: StopGame - Обзоры (https://rss.stopgame.ru/rss_review.xml)
2026-03-08 06:39:45,010 [INFO]   → StopGame - Обзоры: получено 10 новостей
2026-03-08 06:39:45,010 [INFO] Загружаю RSS: StopGame - Превью (https://rss.stopgame.ru/rss_preview.xml)
2026-03-08 06:39:45,729 [INFO]   → StopGame - Превью: получено 10 новостей
2026-03-08 06:39:45,730 [INFO]   Итого Обзоры: 5 новостей
2026-03-08 06:39:45,730 [INFO] 
==================================================
2026-03-08 06:39:45,730 [INFO] ИТОГО: 15 подкастов собрано
2026-03-08 06:39:45,730 [INFO] ==================================================
2026-03-08 06:39:45,730 [INFO] Сохранено в /home/runner/work/GameNews/GameNews/podcasts.json
2026-03-08 06:39:45,731 [INFO] Тексты для озвучки сохранены в /home/runner/work/GameNews/GameNews/texts/
2026-03-08 06:39:45,731 [INFO] Готово!
2026-03-09 06:59:04,418 [INFO] ==================================================
2026-03-09 06:59:04,418 [INFO] GameNews RSS — Начало сбора новостей
2026-03-09 06:59:04,418 [INFO] ==================================================
2026-03-09 06:59:04,418 [INFO] 
--- Категория: Турниры ---
2026-03-09 06:59:04,418 [INFO] Загружаю RSS: Cyber.Sports.ru (https://cyber.sports.ru/rss/main.xml)
2026-03-09 06:59:06,448 [WARNING] Ошибка парсинга Cyber.Sports.ru: HTTP Error 302: The HTTP server returned a redirect error that would lead to an infinite loop.
The last 30x error message was:
Moved Temporarily
2026-03-09 06:59:06,448 [INFO] Загружаю RSS: GoHa.ru - Киберспорт (https://www.goha.ru/rss/:Киберспорт)
2026-03-09 06:59:06,969 [INFO]   → GoHa.ru - Киберспорт: получено 10 новостей
2026-03-09 06:59:06,969 [INFO]   Итого Турниры: 5 новостей
2026-03-09 06:59:06,969 [INFO] 
--- Категория: Релизы ---
2026-03-09 06:59:06,969 [INFO] Загружаю RSS: StopGame - Новости (https://rss.stopgame.ru/rss_news.xml)
2026-03-09 06:59:07,510 [INFO]   → StopGame - Новости: получено 10 новостей
2026-03-09 06:59:07,510 [INFO] Загружаю RSS: GoHa.ru - Общее (https://www.goha.ru/rss/)
2026-03-09 06:59:07,782 [WARNING] Ошибка парсинга GoHa.ru - Общее: <unknown>:207:2: mismatched tag
2026-03-09 06:59:07,782 [INFO]   Итого Релизы: 5 новостей
2026-03-09 06:59:07,782 [INFO] 
--- Категория: Обзоры ---
2026-03-09 06:59:07,782 [INFO] Загружаю RSS: StopGame - Обзоры (https://rss.stopgame.ru/rss_review.xml)
2026-03-09 06:59:08,631 [INFO]   → StopGame - Обзоры: получено 10 новостей
2026-03-09 06:59:08,631 [INFO] Загружаю RSS: StopGame - Превью (https://rss.stopgame.ru/rss_preview.xml)
2026-03-09 06:59:09,317 [INFO]   → StopGame - Превью: получено 10 новостей
2026-03-09 06:59:09,317 [INFO]   Итого Обзоры: 5 новостей
2026-03-09 06:59:09,317 [INFO] 
==================================================
2026-03-09 06:59:09,317 [INFO] ИТОГО: 15 подкастов собрано
2026-03-09 06:59:09,317 [INFO] ==================================================
2026-03-09 06:59:09,318 [INFO] Сохранено в /home/runner/work/GameNews/GameNews/podcasts.json
2026-03-09 06:59:09,319 [INFO] Тексты для озвучки сохранены в /home/runner/work/GameNews/GameNews/texts/
2026-03-09 06:59:09,319 [INFO] Готово!
2026-03-10 06:44:42,359 [INFO] ==================================================
2026-03-10 06:44:42,359 [INFO] GameNews RSS — Начало сбора новостей
2026-03-10 06:44:42,359 [INFO] ==================================================
2026-03-10 06:44:42,359 [INFO] 
--- Категория: Турниры ---
2026-03-10 06:44:42,359 [INFO] Загружаю RSS: Cyber.Sports.ru (https://cyber.sports.ru/rss/main.xml)
2026-03-10 06:44:45,496 [WARNING] Ошибка парсинга Cyber.Sports.ru: HTTP Error 302: The HTTP server returned a redirect error that would lead to an infinite loop.
The last 30x error message was:
Moved Temporarily
2026-03-10 06:44:45,496 [INFO] Загружаю RSS: GoHa.ru - Киберспорт (https://www.goha.ru/rss/:Киберспорт)
2026-03-10 06:44:47,134 [INFO]   → GoHa.ru - Киберспорт: получено 10 новостей
2026-03-10 06:44:47,134 [INFO]   Итого Турниры: 5 новостей
2026-03-10 06:44:47,134 [INFO] 
--- Категория: Релизы ---
2026-03-10 06:44:47,134 [INFO] Загружаю RSS: StopGame - Новости (https://rss.stopgame.ru/rss_news.xml)
2026-03-10 06:44:48,055 [INFO]   → StopGame - Новости: получено 10 новостей
2026-03-10 06:44:48,055 [INFO] Загружаю RSS: GoHa.ru - Общее (https://www.goha.ru/rss/)
2026-03-10 06:44:48,278 [WARNING] Ошибка парсинга GoHa.ru - Общее: <unknown>:207:2: mismatched tag
2026-03-10 06:44:48,278 [INFO]   Итого Релизы: 5 новостей
2026-03-10 06:44:48,278 [INFO] 
--- Категория: Обзоры ---
2026-03-10 06:44:48,278 [INFO] Загружаю RSS: StopGame - Обзоры (https://rss.stopgame.ru/rss_review.xml)
2026-03-10 06:44:49,223 [INFO]   → StopGame - Обзоры: получено 10 новостей
2026-03-10 06:44:49,223 [INFO] Загружаю RSS: StopGame - Превью (https://rss.stopgame.ru/rss_preview.xml)
2026-03-10 06:44:50,230 [INFO]   → StopGame - Превью: получено 10 новостей
2026-03-10 06:44:50,230 [INFO]   Итого Обзоры: 5 новостей
2026-03-10 06:44:50,230 [INFO] 
==================================================
2026-03-10 06:44:50,230 [INFO] ИТОГО: 15 подкастов собрано
2026-03-10 06:44:50,230 [INFO] ==================================================
2026-03-10 06:44:50,231 [INFO] Сохранено в /home/runner/work/GameNews/GameNews/podcasts.json
2026-03-10 06:44:50,232 [INFO] Тексты для озвучки сохранены в /home/runner/work/GameNews/GameNews/texts/
2026-03-10 06:44:50,232 [INFO] Готово!
2026-03-11 06:50:54,178 [INFO] ==================================================
2026-03-11 06:50:54,178 [INFO] GameNews RSS — Начало сбора новостей
2026-03-11 06:50:54,178 [INFO] ==================================================
2026-03-11 06:50:54,178 [INFO] 
--- Категория: Турниры ---
2026-03-11 06:50:54,178 [INFO] Загружаю RSS: Cyber.Sports.ru (https://cyber.sports.ru/rss/main.xml)
2026-03-11 06:50:56,713 [WARNING] Ошибка парсинга Cyber.Sports.ru: HTTP Error 302: The HTTP server returned a redirect error that would lead to an infinite loop.
The last 30x error message was:
Moved Temporarily
2026-03-11 06:50:56,713 [INFO] Загружаю RSS: GoHa.ru - Киберспорт (https://www.goha.ru/rss/:Киберспорт)
2026-03-11 06:50:57,621 [INFO]   → GoHa.ru - Киберспорт: получено 10 новостей
2026-03-11 06:50:57,621 [INFO]   Итого Турниры: 5 новостей
2026-03-11 06:50:57,621 [INFO] 
--- Категория: Релизы ---
2026-03-11 06:50:57,621 [INFO] Загружаю RSS: StopGame - Новости (https://rss.stopgame.ru/rss_news.xml)
2026-03-11 06:50:58,416 [INFO]   → StopGame - Новости: получено 10 новостей
2026-03-11 06:50:58,416 [INFO] Загружаю RSS: GoHa.ru - Общее (https://www.goha.ru/rss/)
2026-03-11 06:50:58,824 [WARNING] Ошибка парсинга GoHa.ru - Общее: <unknown>:207:2: mismatched tag
2026-03-11 06:50:58,824 [INFO]   Итого Релизы: 5 новостей
2026-03-11 06:50:58,824 [INFO] 
--- Категория: Обзоры ---
2026-03-11 06:50:58,824 [INFO] Загружаю RSS: StopGame - Обзоры (https://rss.stopgame.ru/rss_review.xml)
2026-03-11 06:50:59,749 [INFO]   → StopGame - Обзоры: получено 10 новостей
2026-03-11 06:50:59,749 [INFO] Загружаю RSS: StopGame - Превью (https://rss.stopgame.ru/rss_preview.xml)
2026-03-11 06:51:00,506 [INFO]   → StopGame - Превью: получено 10 новостей
2026-03-11 06:51:00,506 [INFO]   Итого Обзоры: 5 новостей
2026-03-11 06:51:00,506 [INFO] 
==================================================
2026-03-11 06:51:00,506 [INFO] ИТОГО: 15 подкастов собрано
2026-03-11 06:51:00,506 [INFO] ==================================================
2026-03-11 06:51:00,507 [INFO] Сохранено в /home/runner/work/GameNews/GameNews/podcasts.json
2026-03-11 06:51:00,508 [INFO] Тексты для озвучки сохранены в /home/runner/work/GameNews/GameNews/texts/
2026-03-11 06:51:00,508 [INFO] Готово!
